Unity Editor version:    2020.3.32f1 (12f8b0834f07)
Branch:                  2020.3/staging
Build type:              Release
Batch mode:              YES
macOS version:           Version 10.13.6 (Build 17G66)
Darwin version:          17.7.0
Architecture:            x86_64
Running under Rosetta:   NO
Available memory:        32768 MB
Using pre-set license
Pro License: NO

COMMAND LINE ARGUMENTS:
/Applications/Unity/Unity.app/Contents/MacOS/Unity
-adb2
-batchMode
-noUpm
-name
AssetImportWorker0
-projectPath
/Users/annagouliou/Desktop/TempleOfGods/TempleOfGods/Temple Of Gods
-logFile
Logs/AssetImportWorker0.log
-srvPort
57918
Successfully changed project path to: /Users/annagouliou/Desktop/TempleOfGods/TempleOfGods/Temple Of Gods
/Users/annagouliou/Desktop/TempleOfGods/TempleOfGods/Temple Of Gods
Using Asset Import Pipeline V2.
Refreshing native plugins compatible for Editor in 91.13 ms, found 2 plugins.
Preloading 0 native plugins for Editor in 0.00 ms.
Initialize engine version: 2020.3.32f1 (12f8b0834f07)
[Subsystems] Discovering subsystems at path /Applications/Unity/Unity.app/Contents/Resources/UnitySubsystems
[Subsystems] Discovering subsystems at path /Users/annagouliou/Desktop/TempleOfGods/TempleOfGods/Temple Of Gods/Assets
GfxDevice: creating device client; threaded=0
2022-11-30 13:59:41.557 Unity[70328:49604685] iMac preferred device: AMD Radeon Pro 560 (high power)
2022-11-30 13:59:41.557 Unity[70328:49604685] Metal devices available: 1
2022-11-30 13:59:41.557 Unity[70328:49604685] 0: AMD Radeon Pro 560 (high power)
2022-11-30 13:59:41.558 Unity[70328:49604685] Using device AMD Radeon Pro 560 (high power)
Initializing Metal device caps: AMD Radeon Pro 560
Initialize mono
Mono path[0] = '/Applications/Unity/Unity.app/Contents/Managed'
Mono path[1] = '/Applications/Unity/Unity.app/Contents/MonoBleedingEdge/lib/mono/unityjit'
Mono config path = '/Applications/Unity/Unity.app/Contents/MonoBleedingEdge/etc'
Using monoOptions --debugger-agent=transport=dt_socket,embedding=1,server=y,suspend=n,address=127.0.0.1:56328
Begin MonoManager ReloadAssembly
Registering precompiled unity dll's ...
Register platform support module: /Applications/Unity/PlaybackEngines/WebGLSupport/UnityEditor.WebGL.Extensions.dll
Register platform support module: /Applications/Unity/Unity.app/Contents/PlaybackEngines/MacStandaloneSupport/UnityEditor.OSXStandalone.Extensions.dll
Register platform support module: /Applications/Unity/PlaybackEngines/WindowsStandaloneSupport/UnityEditor.WindowsStandalone.Extensions.dll
Registered in 0.001035 seconds.
Native extension for WindowsStandalone target not found
Native extension for OSXStandalone target not found
Native extension for WebGL target not found
Refreshing native plugins compatible for Editor in 92.86 ms, found 2 plugins.
Preloading 0 native plugins for Editor in 0.00 ms.
Mono: successfully reloaded assembly
- Completed reload, in  0.869 seconds
Domain Reload Profiling:
	ReloadAssembly (869ms)
		BeginReloadAssembly (47ms)
			ExecutionOrderSort (0ms)
			DisableScriptedObjects (0ms)
			BackupInstance (0ms)
			ReleaseScriptingObjects (0ms)
			CreateAndSetChildDomain (1ms)
		EndReloadAssembly (727ms)
			LoadAssemblies (46ms)
			RebuildTransferFunctionScriptingTraits (0ms)
			SetupTypeCache (302ms)
			ReleaseScriptCaches (0ms)
			RebuildScriptCaches (45ms)
			SetupLoadedEditorAssemblies (265ms)
				LogAssemblyErrors (0ms)
				InitializePlatformSupportModulesInManaged (7ms)
				SetLoadedEditorAssemblies (0ms)
				RefreshPlugins (93ms)
				BeforeProcessingInitializeOnLoad (9ms)
				ProcessInitializeOnLoadAttributes (123ms)
				ProcessInitializeOnLoadMethodAttributes (33ms)
				AfterProcessingInitializeOnLoad (0ms)
				EditorAssembliesLoaded (0ms)
			ExecutionOrderSort2 (0ms)
			AwakeInstancesAfterBackupRestoration (0ms)
Platform modules already initialized, skipping
Registering precompiled user dll's ...
Registered in 0.002093 seconds.
Begin MonoManager ReloadAssembly
Native extension for WindowsStandalone target not found
Native extension for OSXStandalone target not found
Native extension for WebGL target not found
Refreshing native plugins compatible for Editor in 83.78 ms, found 2 plugins.
Preloading 0 native plugins for Editor in 0.00 ms.
Mono: successfully reloaded assembly
- Completed reload, in  2.043 seconds
Domain Reload Profiling:
	ReloadAssembly (2044ms)
		BeginReloadAssembly (218ms)
			ExecutionOrderSort (0ms)
			DisableScriptedObjects (7ms)
			BackupInstance (0ms)
			ReleaseScriptingObjects (0ms)
			CreateAndSetChildDomain (35ms)
		EndReloadAssembly (1758ms)
			LoadAssemblies (79ms)
			RebuildTransferFunctionScriptingTraits (0ms)
			SetupTypeCache (521ms)
			ReleaseScriptCaches (1ms)
			RebuildScriptCaches (108ms)
			SetupLoadedEditorAssemblies (904ms)
				LogAssemblyErrors (0ms)
				InitializePlatformSupportModulesInManaged (5ms)
				SetLoadedEditorAssemblies (0ms)
				RefreshPlugins (84ms)
				BeforeProcessingInitializeOnLoad (89ms)
				ProcessInitializeOnLoadAttributes (716ms)
				ProcessInitializeOnLoadMethodAttributes (9ms)
				AfterProcessingInitializeOnLoad (1ms)
				EditorAssembliesLoaded (0ms)
			ExecutionOrderSort2 (0ms)
			AwakeInstancesAfterBackupRestoration (7ms)
Platform modules already initialized, skipping
Validating Project structure ... 0.015960 seconds.
Shader import version has changed; will reimport all shaders...
Upgrading shader files ...0.022273 seconds.
Application.AssetDatabase Initial Script Refresh Start
RefreshInfo: InitialScriptRefreshV2(NoUpdateAssetOptions) scanfilter:  ... 1 filters
RefreshProfiler: Total: 0.000ms
Application.AssetDatabase Initial Script Refresh End
Application.AssetDatabase.Refresh Start
Application.AssetDatabase.Refresh End
RefreshInfo: StopAssetImportingV2(ForceSynchronousImport) scanfilter: 
RefreshProfiler: Total: 0.000ms
Launching external process: /Applications/Unity/Unity.app/Contents/Tools/UnityShaderCompiler
Launched and connected shader compiler UnityShaderCompiler after 0.03 seconds
Initializing Unity extensions:
========================================================================
Worker process is ready to serve import requests
Refreshing native plugins compatible for Editor in 0.72 ms, found 2 plugins.
Preloading 0 native plugins for Editor in 0.00 ms.
Unloading 4062 Unused Serialized files (Serialized files now loaded: 0)
System memory in use before: 359.1 MB.
System memory in use after: 356.5 MB.

Unloading 366 unused Assets to reduce memory usage. Loaded Objects now: 4531.
Total: 4.839809 ms (FindLiveObjects: 0.281931 ms CreateObjectMapping: 0.197887 ms MarkObjects: 3.133034 ms  DeleteObjects: 1.226256 ms)

AssetImportParameters requested are different than current active one (requested -> active):
  custom:video-decoder-ogg-theora: a1e56fd34408186e4bbccfd4996cb3dc -> 
  custom:container-muxer-webm: aa71ff27fc2769a1b78a27578f13a17b -> 
  custom:container-demuxer-webm: 4f35f7cbe854078d1ac9338744f61a02 -> 
  custom:container-demuxer-ogg: 62fdf1f143b41e24485cea50d1cbac27 -> 
  custom:video-encoder-webm-vp8: eb34c28f22e8b96e1ab97ce403110664 -> 
  custom:framework-osx-AVFoundation: b23960f63f64bdc6ff669e2cdcee2391 -> 
  custom:video-decoder-webm-vp8: 9c59270c3fd7afecdb556c50c9e8de78 -> 
  custom:audio-decoder-ogg-vorbis: bf7c407c2cedff20999df2af8eb42d56 -> 
  custom:audio-encoder-webm-vorbis: bf7c407c2cedff20999df2af8eb42d56 -> 
========================================================================
Received Import Request.
  path: Assets/Scripts/PickUp.cs
  artifactKey: Guid(813feb76f5a264ef2977615f3d8687f8) Importer(815301076,1909f56bfc062723c751e8b465ee728b)
Start importing Assets/Scripts/PickUp.cs using Guid(813feb76f5a264ef2977615f3d8687f8) Importer(815301076,1909f56bfc062723c751e8b465ee728b)  -> (artifact id: 'b43c1bc56690abcf29ece968b58540b9') in 0.093295 seconds 
========================================================================
Received Import Request.
  Time since last request: 345.168242 seconds.
  path: Assets/Scripts/PickUp.cs
  artifactKey: Guid(813feb76f5a264ef2977615f3d8687f8) Importer(815301076,1909f56bfc062723c751e8b465ee728b)
Start importing Assets/Scripts/PickUp.cs using Guid(813feb76f5a264ef2977615f3d8687f8) Importer(815301076,1909f56bfc062723c751e8b465ee728b)  -> (artifact id: '60399452a0c2363a3027e03a7fb52f26') in 0.001547 seconds 
========================================================================
Received Prepare
Registering precompiled user dll's ...
Registered in 0.001901 seconds.
Begin MonoManager ReloadAssembly
Native extension for WindowsStandalone target not found
Native extension for OSXStandalone target not found
Native extension for WebGL target not found
Refreshing native plugins compatible for Editor in 0.88 ms, found 2 plugins.
Preloading 0 native plugins for Editor in 0.00 ms.
CreateSerializedAsset is not supported while importing out-of-process
UnityEngine.StackTraceUtility:ExtractStackTrace () (at /Users/bokken/buildslave/unity/build/Runtime/Export/Scripting/StackTrace.cs:37)
AC.ACEditorPrefs:GetOrCreateSettings () (at Assets/AdventureCreator/Scripts/Managers/ACEditorPrefs.cs:96)
AC.ACEditorPrefs:get_DisableInstaller () (at Assets/AdventureCreator/Scripts/Managers/ACEditorPrefs.cs:334)
AC.ACInstaller:IsInstalled () (at Assets/AdventureCreator/Scripts/Managers/Editor/ACInstaller.cs:37)
AC.ACInstaller:CheckInstall () (at Assets/AdventureCreator/Scripts/Managers/Editor/ACInstaller.cs:52)
AC.ACInstaller:.cctor () (at Assets/AdventureCreator/Scripts/Managers/Editor/ACInstaller.cs:31)
System.Runtime.CompilerServices.RuntimeHelpers:RunClassConstructor (System.RuntimeTypeHandle)
UnityEditor.EditorAssemblies:ProcessInitializeOnLoadAttributes (System.Type[]) (at /Users/bokken/buildslave/unity/build/Editor/Mono/EditorAssemblies.cs:134)

[Assets/AdventureCreator/Scripts/Managers/ACEditorPrefs.cs line 96]

UnityEngine.UnityException: Creating asset at path Assets/AdventureCreator/Editor/ACEditorPrefs.asset failed.
  at (wrapper managed-to-native) UnityEditor.AssetDatabase.CreateAsset(UnityEngine.Object,string)
  at AC.ACEditorPrefs.GetOrCreateSettings () [0x00115] in /Users/annagouliou/Desktop/TempleOfGods/TempleOfGods/Temple Of Gods/Assets/AdventureCreator/Scripts/Managers/ACEditorPrefs.cs:96 
  at AC.ACEditorPrefs.get_DisableInstaller () [0x00000] in /Users/annagouliou/Desktop/TempleOfGods/TempleOfGods/Temple Of Gods/Assets/AdventureCreator/Scripts/Managers/ACEditorPrefs.cs:334 
  at AC.ACInstaller.IsInstalled () [0x00000] in /Users/annagouliou/Desktop/TempleOfGods/TempleOfGods/Temple Of Gods/Assets/AdventureCreator/Scripts/Managers/Editor/ACInstaller.cs:37 
  at AC.ACInstaller.CheckInstall () [0x00000] in /Users/annagouliou/Desktop/TempleOfGods/TempleOfGods/Temple Of Gods/Assets/AdventureCreator/Scripts/Managers/Editor/ACInstaller.cs:52 
  at AC.ACInstaller..cctor () [0x00000] in /Users/annagouliou/Desktop/TempleOfGods/TempleOfGods/Temple Of Gods/Assets/AdventureCreator/Scripts/Managers/Editor/ACInstaller.cs:31 
UnityEngine.StackTraceUtility:ExtractStackTrace () (at /Users/bokken/buildslave/unity/build/Runtime/Export/Scripting/StackTrace.cs:37)
UnityEngine.DebugLogHandler:LogFormat (UnityEngine.LogType,UnityEngine.Object,string,object[])
UnityEngine.Logger:Log (UnityEngine.LogType,object)
UnityEngine.Debug:LogError (object)
UnityEditor.EditorAssemblies:ProcessInitializeOnLoadAttributes (System.Type[]) (at /Users/bokken/buildslave/unity/build/Editor/Mono/EditorAssemblies.cs:138)

(Filename: /Users/bokken/buildslave/unity/build/Editor/Mono/EditorAssemblies.cs Line: 138)

Mono: successfully reloaded assembly
- Completed reload, in  1.868 seconds
Domain Reload Profiling:
	ReloadAssembly (1868ms)
		BeginReloadAssembly (131ms)
			ExecutionOrderSort (0ms)
			DisableScriptedObjects (5ms)
			BackupInstance (0ms)
			ReleaseScriptingObjects (0ms)
			CreateAndSetChildDomain (73ms)
		EndReloadAssembly (1664ms)
			LoadAssemblies (73ms)
			RebuildTransferFunctionScriptingTraits (1ms)
			SetupTypeCache (468ms)
			ReleaseScriptCaches (1ms)
			RebuildScriptCaches (75ms)
			SetupLoadedEditorAssemblies (827ms)
				LogAssemblyErrors (0ms)
				InitializePlatformSupportModulesInManaged (5ms)
				SetLoadedEditorAssemblies (1ms)
				RefreshPlugins (1ms)
				BeforeProcessingInitializeOnLoad (132ms)
				ProcessInitializeOnLoadAttributes (679ms)
				ProcessInitializeOnLoadMethodAttributes (9ms)
				AfterProcessingInitializeOnLoad (1ms)
				EditorAssembliesLoaded (0ms)
			ExecutionOrderSort2 (0ms)
			AwakeInstancesAfterBackupRestoration (11ms)
Platform modules already initialized, skipping
Refreshing native plugins compatible for Editor in 0.74 ms, found 2 plugins.
Preloading 0 native plugins for Editor in 0.00 ms.
Unloading 3911 Unused Serialized files (Serialized files now loaded: 0)
System memory in use before: 354.6 MB.
System memory in use after: 353.2 MB.

Unloading 39 unused Assets to reduce memory usage. Loaded Objects now: 4536.
Total: 4.705062 ms (FindLiveObjects: 0.285875 ms CreateObjectMapping: 0.209975 ms MarkObjects: 3.331432 ms  DeleteObjects: 0.876967 ms)

AssetImportParameters requested are different than current active one (requested -> active):
  custom:video-decoder-ogg-theora: a1e56fd34408186e4bbccfd4996cb3dc -> 
  custom:container-muxer-webm: aa71ff27fc2769a1b78a27578f13a17b -> 
  custom:container-demuxer-webm: 4f35f7cbe854078d1ac9338744f61a02 -> 
  custom:container-demuxer-ogg: 62fdf1f143b41e24485cea50d1cbac27 -> 
  custom:video-encoder-webm-vp8: eb34c28f22e8b96e1ab97ce403110664 -> 
  custom:framework-osx-AVFoundation: b23960f63f64bdc6ff669e2cdcee2391 -> 
  custom:video-decoder-webm-vp8: 9c59270c3fd7afecdb556c50c9e8de78 -> 
  custom:audio-decoder-ogg-vorbis: bf7c407c2cedff20999df2af8eb42d56 -> 
  custom:audio-encoder-webm-vorbis: bf7c407c2cedff20999df2af8eb42d56 -> 
========================================================================
Received Import Request.
  Time since last request: 73.408126 seconds.
  path: Assets/Scripts/PickUp.cs
  artifactKey: Guid(813feb76f5a264ef2977615f3d8687f8) Importer(815301076,1909f56bfc062723c751e8b465ee728b)
Start importing Assets/Scripts/PickUp.cs using Guid(813feb76f5a264ef2977615f3d8687f8) Importer(815301076,1909f56bfc062723c751e8b465ee728b)  -> (artifact id: '6de9c13618e76f1ced0d6be9aef58fed') in 0.007149 seconds 
========================================================================
Received Prepare
Registering precompiled user dll's ...
Registered in 0.001965 seconds.
Begin MonoManager ReloadAssembly
Native extension for WindowsStandalone target not found
Native extension for OSXStandalone target not found
Native extension for WebGL target not found
Refreshing native plugins compatible for Editor in 0.75 ms, found 2 plugins.
Preloading 0 native plugins for Editor in 0.00 ms.
CreateSerializedAsset is not supported while importing out-of-process
UnityEngine.StackTraceUtility:ExtractStackTrace () (at /Users/bokken/buildslave/unity/build/Runtime/Export/Scripting/StackTrace.cs:37)
AC.ACEditorPrefs:GetOrCreateSettings () (at Assets/AdventureCreator/Scripts/Managers/ACEditorPrefs.cs:96)
AC.ACEditorPrefs:get_DisableInstaller () (at Assets/AdventureCreator/Scripts/Managers/ACEditorPrefs.cs:334)
AC.ACInstaller:IsInstalled () (at Assets/AdventureCreator/Scripts/Managers/Editor/ACInstaller.cs:37)
AC.ACInstaller:CheckInstall () (at Assets/AdventureCreator/Scripts/Managers/Editor/ACInstaller.cs:52)
AC.ACInstaller:.cctor () (at Assets/AdventureCreator/Scripts/Managers/Editor/ACInstaller.cs:31)
System.Runtime.CompilerServices.RuntimeHelpers:RunClassConstructor (System.RuntimeTypeHandle)
UnityEditor.EditorAssemblies:ProcessInitializeOnLoadAttributes (System.Type[]) (at /Users/bokken/buildslave/unity/build/Editor/Mono/EditorAssemblies.cs:134)

[Assets/AdventureCreator/Scripts/Managers/ACEditorPrefs.cs line 96]

UnityEngine.UnityException: Creating asset at path Assets/AdventureCreator/Editor/ACEditorPrefs.asset failed.
  at (wrapper managed-to-native) UnityEditor.AssetDatabase.CreateAsset(UnityEngine.Object,string)
  at AC.ACEditorPrefs.GetOrCreateSettings () [0x00115] in /Users/annagouliou/Desktop/TempleOfGods/TempleOfGods/Temple Of Gods/Assets/AdventureCreator/Scripts/Managers/ACEditorPrefs.cs:96 
  at AC.ACEditorPrefs.get_DisableInstaller () [0x00000] in /Users/annagouliou/Desktop/TempleOfGods/TempleOfGods/Temple Of Gods/Assets/AdventureCreator/Scripts/Managers/ACEditorPrefs.cs:334 
  at AC.ACInstaller.IsInstalled () [0x00000] in /Users/annagouliou/Desktop/TempleOfGods/TempleOfGods/Temple Of Gods/Assets/AdventureCreator/Scripts/Managers/Editor/ACInstaller.cs:37 
  at AC.ACInstaller.CheckInstall () [0x00000] in /Users/annagouliou/Desktop/TempleOfGods/TempleOfGods/Temple Of Gods/Assets/AdventureCreator/Scripts/Managers/Editor/ACInstaller.cs:52 
  at AC.ACInstaller..cctor () [0x00000] in /Users/annagouliou/Desktop/TempleOfGods/TempleOfGods/Temple Of Gods/Assets/AdventureCreator/Scripts/Managers/Editor/ACInstaller.cs:31 
UnityEngine.StackTraceUtility:ExtractStackTrace () (at /Users/bokken/buildslave/unity/build/Runtime/Export/Scripting/StackTrace.cs:37)
UnityEngine.DebugLogHandler:LogFormat (UnityEngine.LogType,UnityEngine.Object,string,object[])
UnityEngine.Logger:Log (UnityEngine.LogType,object)
UnityEngine.Debug:LogError (object)
UnityEditor.EditorAssemblies:ProcessInitializeOnLoadAttributes (System.Type[]) (at /Users/bokken/buildslave/unity/build/Editor/Mono/EditorAssemblies.cs:138)

(Filename: /Users/bokken/buildslave/unity/build/Editor/Mono/EditorAssemblies.cs Line: 138)

Mono: successfully reloaded assembly
- Completed reload, in  2.010 seconds
Domain Reload Profiling:
	ReloadAssembly (2010ms)
		BeginReloadAssembly (133ms)
			ExecutionOrderSort (0ms)
			DisableScriptedObjects (6ms)
			BackupInstance (0ms)
			ReleaseScriptingObjects (0ms)
			CreateAndSetChildDomain (75ms)
		EndReloadAssembly (1793ms)
			LoadAssemblies (84ms)
			RebuildTransferFunctionScriptingTraits (0ms)
			SetupTypeCache (504ms)
			ReleaseScriptCaches (1ms)
			RebuildScriptCaches (77ms)
			SetupLoadedEditorAssemblies (896ms)
				LogAssemblyErrors (0ms)
				InitializePlatformSupportModulesInManaged (6ms)
				SetLoadedEditorAssemblies (1ms)
				RefreshPlugins (1ms)
				BeforeProcessingInitializeOnLoad (139ms)
				ProcessInitializeOnLoadAttributes (739ms)
				ProcessInitializeOnLoadMethodAttributes (10ms)
				AfterProcessingInitializeOnLoad (1ms)
				EditorAssembliesLoaded (0ms)
			ExecutionOrderSort2 (0ms)
			AwakeInstancesAfterBackupRestoration (12ms)
Platform modules already initialized, skipping
Refreshing native plugins compatible for Editor in 0.74 ms, found 2 plugins.
Preloading 0 native plugins for Editor in 0.00 ms.
Unloading 3911 Unused Serialized files (Serialized files now loaded: 0)
System memory in use before: 355.0 MB.
System memory in use after: 353.6 MB.

Unloading 38 unused Assets to reduce memory usage. Loaded Objects now: 4540.
Total: 4.610580 ms (FindLiveObjects: 0.282096 ms CreateObjectMapping: 0.204451 ms MarkObjects: 3.221608 ms  DeleteObjects: 0.901546 ms)

AssetImportParameters requested are different than current active one (requested -> active):
  custom:video-decoder-ogg-theora: a1e56fd34408186e4bbccfd4996cb3dc -> 
  custom:container-muxer-webm: aa71ff27fc2769a1b78a27578f13a17b -> 
  custom:container-demuxer-webm: 4f35f7cbe854078d1ac9338744f61a02 -> 
  custom:container-demuxer-ogg: 62fdf1f143b41e24485cea50d1cbac27 -> 
  custom:video-encoder-webm-vp8: eb34c28f22e8b96e1ab97ce403110664 -> 
  custom:framework-osx-AVFoundation: b23960f63f64bdc6ff669e2cdcee2391 -> 
  custom:video-decoder-webm-vp8: 9c59270c3fd7afecdb556c50c9e8de78 -> 
  custom:audio-decoder-ogg-vorbis: bf7c407c2cedff20999df2af8eb42d56 -> 
  custom:audio-encoder-webm-vorbis: bf7c407c2cedff20999df2af8eb42d56 -> 
========================================================================
Received Prepare
Registering precompiled user dll's ...
Registered in 0.002081 seconds.
Begin MonoManager ReloadAssembly
Native extension for WindowsStandalone target not found
Native extension for OSXStandalone target not found
Native extension for WebGL target not found
Refreshing native plugins compatible for Editor in 0.74 ms, found 2 plugins.
Preloading 0 native plugins for Editor in 0.00 ms.
CreateSerializedAsset is not supported while importing out-of-process
UnityEngine.StackTraceUtility:ExtractStackTrace () (at /Users/bokken/buildslave/unity/build/Runtime/Export/Scripting/StackTrace.cs:37)
AC.ACEditorPrefs:GetOrCreateSettings () (at Assets/AdventureCreator/Scripts/Managers/ACEditorPrefs.cs:96)
AC.ACEditorPrefs:get_DisableInstaller () (at Assets/AdventureCreator/Scripts/Managers/ACEditorPrefs.cs:334)
AC.ACInstaller:IsInstalled () (at Assets/AdventureCreator/Scripts/Managers/Editor/ACInstaller.cs:37)
AC.ACInstaller:CheckInstall () (at Assets/AdventureCreator/Scripts/Managers/Editor/ACInstaller.cs:52)
AC.ACInstaller:.cctor () (at Assets/AdventureCreator/Scripts/Managers/Editor/ACInstaller.cs:31)
System.Runtime.CompilerServices.RuntimeHelpers:RunClassConstructor (System.RuntimeTypeHandle)
UnityEditor.EditorAssemblies:ProcessInitializeOnLoadAttributes (System.Type[]) (at /Users/bokken/buildslave/unity/build/Editor/Mono/EditorAssemblies.cs:134)

[Assets/AdventureCreator/Scripts/Managers/ACEditorPrefs.cs line 96]

UnityEngine.UnityException: Creating asset at path Assets/AdventureCreator/Editor/ACEditorPrefs.asset failed.
  at (wrapper managed-to-native) UnityEditor.AssetDatabase.CreateAsset(UnityEngine.Object,string)
  at AC.ACEditorPrefs.GetOrCreateSettings () [0x00115] in /Users/annagouliou/Desktop/TempleOfGods/TempleOfGods/Temple Of Gods/Assets/AdventureCreator/Scripts/Managers/ACEditorPrefs.cs:96 
  at AC.ACEditorPrefs.get_DisableInstaller () [0x00000] in /Users/annagouliou/Desktop/TempleOfGods/TempleOfGods/Temple Of Gods/Assets/AdventureCreator/Scripts/Managers/ACEditorPrefs.cs:334 
  at AC.ACInstaller.IsInstalled () [0x00000] in /Users/annagouliou/Desktop/TempleOfGods/TempleOfGods/Temple Of Gods/Assets/AdventureCreator/Scripts/Managers/Editor/ACInstaller.cs:37 
  at AC.ACInstaller.CheckInstall () [0x00000] in /Users/annagouliou/Desktop/TempleOfGods/TempleOfGods/Temple Of Gods/Assets/AdventureCreator/Scripts/Managers/Editor/ACInstaller.cs:52 
  at AC.ACInstaller..cctor () [0x00000] in /Users/annagouliou/Desktop/TempleOfGods/TempleOfGods/Temple Of Gods/Assets/AdventureCreator/Scripts/Managers/Editor/ACInstaller.cs:31 
UnityEngine.StackTraceUtility:ExtractStackTrace () (at /Users/bokken/buildslave/unity/build/Runtime/Export/Scripting/StackTrace.cs:37)
UnityEngine.DebugLogHandler:LogFormat (UnityEngine.LogType,UnityEngine.Object,string,object[])
UnityEngine.Logger:Log (UnityEngine.LogType,object)
UnityEngine.Debug:LogError (object)
UnityEditor.EditorAssemblies:ProcessInitializeOnLoadAttributes (System.Type[]) (at /Users/bokken/buildslave/unity/build/Editor/Mono/EditorAssemblies.cs:138)

(Filename: /Users/bokken/buildslave/unity/build/Editor/Mono/EditorAssemblies.cs Line: 138)

Mono: successfully reloaded assembly
- Completed reload, in  1.935 seconds
Domain Reload Profiling:
	ReloadAssembly (1936ms)
		BeginReloadAssembly (125ms)
			ExecutionOrderSort (0ms)
			DisableScriptedObjects (5ms)
			BackupInstance (0ms)
			ReleaseScriptingObjects (0ms)
			CreateAndSetChildDomain (72ms)
		EndReloadAssembly (1743ms)
			LoadAssemblies (70ms)
			RebuildTransferFunctionScriptingTraits (0ms)
			SetupTypeCache (452ms)
			ReleaseScriptCaches (1ms)
			RebuildScriptCaches (70ms)
			SetupLoadedEditorAssemblies (921ms)
				LogAssemblyErrors (0ms)
				InitializePlatformSupportModulesInManaged (6ms)
				SetLoadedEditorAssemblies (1ms)
				RefreshPlugins (1ms)
				BeforeProcessingInitializeOnLoad (149ms)
				ProcessInitializeOnLoadAttributes (754ms)
				ProcessInitializeOnLoadMethodAttributes (9ms)
				AfterProcessingInitializeOnLoad (1ms)
				EditorAssembliesLoaded (0ms)
			ExecutionOrderSort2 (0ms)
			AwakeInstancesAfterBackupRestoration (12ms)
Platform modules already initialized, skipping
Refreshing native plugins compatible for Editor in 0.74 ms, found 2 plugins.
Preloading 0 native plugins for Editor in 0.00 ms.
Unloading 3911 Unused Serialized files (Serialized files now loaded: 0)
System memory in use before: 355.2 MB.
System memory in use after: 353.9 MB.

Unloading 38 unused Assets to reduce memory usage. Loaded Objects now: 4544.
Total: 4.638518 ms (FindLiveObjects: 0.288036 ms CreateObjectMapping: 0.206322 ms MarkObjects: 3.098023 ms  DeleteObjects: 1.045435 ms)

AssetImportParameters requested are different than current active one (requested -> active):
  custom:video-decoder-ogg-theora: a1e56fd34408186e4bbccfd4996cb3dc -> 
  custom:container-muxer-webm: aa71ff27fc2769a1b78a27578f13a17b -> 
  custom:container-demuxer-webm: 4f35f7cbe854078d1ac9338744f61a02 -> 
  custom:container-demuxer-ogg: 62fdf1f143b41e24485cea50d1cbac27 -> 
  custom:video-encoder-webm-vp8: eb34c28f22e8b96e1ab97ce403110664 -> 
  custom:framework-osx-AVFoundation: b23960f63f64bdc6ff669e2cdcee2391 -> 
  custom:video-decoder-webm-vp8: 9c59270c3fd7afecdb556c50c9e8de78 -> 
  custom:audio-decoder-ogg-vorbis: bf7c407c2cedff20999df2af8eb42d56 -> 
  custom:audio-encoder-webm-vorbis: bf7c407c2cedff20999df2af8eb42d56 -> 
========================================================================
Received Import Request.
  Time since last request: 771.326476 seconds.
  path: Assets/AdventureCreator/Demo/Models/NavMesh/NoFriction.physicMaterial
  artifactKey: Guid(8c2cd469ee9804999a4ee20c8d0b4958) Importer(815301076,1909f56bfc062723c751e8b465ee728b)
Start importing Assets/AdventureCreator/Demo/Models/NavMesh/NoFriction.physicMaterial using Guid(8c2cd469ee9804999a4ee20c8d0b4958) Importer(815301076,1909f56bfc062723c751e8b465ee728b)  -> (artifact id: '5dccc126bb83da83d3cba485d343a8a1') in 0.060398 seconds 
========================================================================
Received Prepare
Registering precompiled user dll's ...
Registered in 0.001918 seconds.
Begin MonoManager ReloadAssembly
Native extension for WindowsStandalone target not found
Native extension for OSXStandalone target not found
Native extension for WebGL target not found
Refreshing native plugins compatible for Editor in 0.82 ms, found 2 plugins.
Preloading 0 native plugins for Editor in 0.00 ms.
CreateSerializedAsset is not supported while importing out-of-process
UnityEngine.StackTraceUtility:ExtractStackTrace () (at /Users/bokken/buildslave/unity/build/Runtime/Export/Scripting/StackTrace.cs:37)
AC.ACEditorPrefs:GetOrCreateSettings () (at Assets/AdventureCreator/Scripts/Managers/ACEditorPrefs.cs:96)
AC.ACEditorPrefs:get_DisableInstaller () (at Assets/AdventureCreator/Scripts/Managers/ACEditorPrefs.cs:334)
AC.ACInstaller:IsInstalled () (at Assets/AdventureCreator/Scripts/Managers/Editor/ACInstaller.cs:37)
AC.ACInstaller:CheckInstall () (at Assets/AdventureCreator/Scripts/Managers/Editor/ACInstaller.cs:52)
AC.ACInstaller:.cctor () (at Assets/AdventureCreator/Scripts/Managers/Editor/ACInstaller.cs:31)
System.Runtime.CompilerServices.RuntimeHelpers:RunClassConstructor (System.RuntimeTypeHandle)
UnityEditor.EditorAssemblies:ProcessInitializeOnLoadAttributes (System.Type[]) (at /Users/bokken/buildslave/unity/build/Editor/Mono/EditorAssemblies.cs:134)

[Assets/AdventureCreator/Scripts/Managers/ACEditorPrefs.cs line 96]

UnityEngine.UnityException: Creating asset at path Assets/AdventureCreator/Editor/ACEditorPrefs.asset failed.
  at (wrapper managed-to-native) UnityEditor.AssetDatabase.CreateAsset(UnityEngine.Object,string)
  at AC.ACEditorPrefs.GetOrCreateSettings () [0x00115] in /Users/annagouliou/Desktop/TempleOfGods/TempleOfGods/Temple Of Gods/Assets/AdventureCreator/Scripts/Managers/ACEditorPrefs.cs:96 
  at AC.ACEditorPrefs.get_DisableInstaller () [0x00000] in /Users/annagouliou/Desktop/TempleOfGods/TempleOfGods/Temple Of Gods/Assets/AdventureCreator/Scripts/Managers/ACEditorPrefs.cs:334 
  at AC.ACInstaller.IsInstalled () [0x00000] in /Users/annagouliou/Desktop/TempleOfGods/TempleOfGods/Temple Of Gods/Assets/AdventureCreator/Scripts/Managers/Editor/ACInstaller.cs:37 
  at AC.ACInstaller.CheckInstall () [0x00000] in /Users/annagouliou/Desktop/TempleOfGods/TempleOfGods/Temple Of Gods/Assets/AdventureCreator/Scripts/Managers/Editor/ACInstaller.cs:52 
  at AC.ACInstaller..cctor () [0x00000] in /Users/annagouliou/Desktop/TempleOfGods/TempleOfGods/Temple Of Gods/Assets/AdventureCreator/Scripts/Managers/Editor/ACInstaller.cs:31 
UnityEngine.StackTraceUtility:ExtractStackTrace () (at /Users/bokken/buildslave/unity/build/Runtime/Export/Scripting/StackTrace.cs:37)
UnityEngine.DebugLogHandler:LogFormat (UnityEngine.LogType,UnityEngine.Object,string,object[])
UnityEngine.Logger:Log (UnityEngine.LogType,object)
UnityEngine.Debug:LogError (object)
UnityEditor.EditorAssemblies:ProcessInitializeOnLoadAttributes (System.Type[]) (at /Users/bokken/buildslave/unity/build/Editor/Mono/EditorAssemblies.cs:138)

(Filename: /Users/bokken/buildslave/unity/build/Editor/Mono/EditorAssemblies.cs Line: 138)

Mono: successfully reloaded assembly
- Completed reload, in  1.821 seconds
Domain Reload Profiling:
	ReloadAssembly (1821ms)
		BeginReloadAssembly (127ms)
			ExecutionOrderSort (0ms)
			DisableScriptedObjects (5ms)
			BackupInstance (0ms)
			ReleaseScriptingObjects (0ms)
			CreateAndSetChildDomain (73ms)
		EndReloadAssembly (1626ms)
			LoadAssemblies (71ms)
			RebuildTransferFunctionScriptingTraits (0ms)
			SetupTypeCache (445ms)
			ReleaseScriptCaches (1ms)
			RebuildScriptCaches (71ms)
			SetupLoadedEditorAssemblies (821ms)
				LogAssemblyErrors (0ms)
				InitializePlatformSupportModulesInManaged (5ms)
				SetLoadedEditorAssemblies (1ms)
				RefreshPlugins (1ms)
				BeforeProcessingInitializeOnLoad (130ms)
				ProcessInitializeOnLoadAttributes (674ms)
				ProcessInitializeOnLoadMethodAttributes (9ms)
				AfterProcessingInitializeOnLoad (1ms)
				EditorAssembliesLoaded (0ms)
			ExecutionOrderSort2 (0ms)
			AwakeInstancesAfterBackupRestoration (11ms)
Platform modules already initialized, skipping
Refreshing native plugins compatible for Editor in 0.74 ms, found 2 plugins.
Preloading 0 native plugins for Editor in 0.00 ms.
Unloading 3911 Unused Serialized files (Serialized files now loaded: 0)
System memory in use before: 359.7 MB.
System memory in use after: 358.3 MB.

Unloading 38 unused Assets to reduce memory usage. Loaded Objects now: 4548.
Total: 5.397909 ms (FindLiveObjects: 0.283891 ms CreateObjectMapping: 0.202746 ms MarkObjects: 3.877971 ms  DeleteObjects: 1.032032 ms)

AssetImportParameters requested are different than current active one (requested -> active):
  custom:video-decoder-ogg-theora: a1e56fd34408186e4bbccfd4996cb3dc -> 
  custom:container-muxer-webm: aa71ff27fc2769a1b78a27578f13a17b -> 
  custom:container-demuxer-webm: 4f35f7cbe854078d1ac9338744f61a02 -> 
  custom:container-demuxer-ogg: 62fdf1f143b41e24485cea50d1cbac27 -> 
  custom:video-encoder-webm-vp8: eb34c28f22e8b96e1ab97ce403110664 -> 
  custom:framework-osx-AVFoundation: b23960f63f64bdc6ff669e2cdcee2391 -> 
  custom:video-decoder-webm-vp8: 9c59270c3fd7afecdb556c50c9e8de78 -> 
  custom:audio-decoder-ogg-vorbis: bf7c407c2cedff20999df2af8eb42d56 -> 
  custom:audio-encoder-webm-vorbis: bf7c407c2cedff20999df2af8eb42d56 -> 
========================================================================
Received Prepare
Registering precompiled user dll's ...
Registered in 0.001945 seconds.
Begin MonoManager ReloadAssembly
Native extension for WindowsStandalone target not found
Native extension for OSXStandalone target not found
Native extension for WebGL target not found
Refreshing native plugins compatible for Editor in 0.74 ms, found 2 plugins.
Preloading 0 native plugins for Editor in 0.00 ms.
CreateSerializedAsset is not supported while importing out-of-process
UnityEngine.StackTraceUtility:ExtractStackTrace () (at /Users/bokken/buildslave/unity/build/Runtime/Export/Scripting/StackTrace.cs:37)
AC.ACEditorPrefs:GetOrCreateSettings () (at Assets/AdventureCreator/Scripts/Managers/ACEditorPrefs.cs:96)
AC.ACEditorPrefs:get_DisableInstaller () (at Assets/AdventureCreator/Scripts/Managers/ACEditorPrefs.cs:334)
AC.ACInstaller:IsInstalled () (at Assets/AdventureCreator/Scripts/Managers/Editor/ACInstaller.cs:37)
AC.ACInstaller:CheckInstall () (at Assets/AdventureCreator/Scripts/Managers/Editor/ACInstaller.cs:52)
AC.ACInstaller:.cctor () (at Assets/AdventureCreator/Scripts/Managers/Editor/ACInstaller.cs:31)
System.Runtime.CompilerServices.RuntimeHelpers:RunClassConstructor (System.RuntimeTypeHandle)
UnityEditor.EditorAssemblies:ProcessInitializeOnLoadAttributes (System.Type[]) (at /Users/bokken/buildslave/unity/build/Editor/Mono/EditorAssemblies.cs:134)

[Assets/AdventureCreator/Scripts/Managers/ACEditorPrefs.cs line 96]

UnityEngine.UnityException: Creating asset at path Assets/AdventureCreator/Editor/ACEditorPrefs.asset failed.
  at (wrapper managed-to-native) UnityEditor.AssetDatabase.CreateAsset(UnityEngine.Object,string)
  at AC.ACEditorPrefs.GetOrCreateSettings () [0x00115] in /Users/annagouliou/Desktop/TempleOfGods/TempleOfGods/Temple Of Gods/Assets/AdventureCreator/Scripts/Managers/ACEditorPrefs.cs:96 
  at AC.ACEditorPrefs.get_DisableInstaller () [0x00000] in /Users/annagouliou/Desktop/TempleOfGods/TempleOfGods/Temple Of Gods/Assets/AdventureCreator/Scripts/Managers/ACEditorPrefs.cs:334 
  at AC.ACInstaller.IsInstalled () [0x00000] in /Users/annagouliou/Desktop/TempleOfGods/TempleOfGods/Temple Of Gods/Assets/AdventureCreator/Scripts/Managers/Editor/ACInstaller.cs:37 
  at AC.ACInstaller.CheckInstall () [0x00000] in /Users/annagouliou/Desktop/TempleOfGods/TempleOfGods/Temple Of Gods/Assets/AdventureCreator/Scripts/Managers/Editor/ACInstaller.cs:52 
  at AC.ACInstaller..cctor () [0x00000] in /Users/annagouliou/Desktop/TempleOfGods/TempleOfGods/Temple Of Gods/Assets/AdventureCreator/Scripts/Managers/Editor/ACInstaller.cs:31 
UnityEngine.StackTraceUtility:ExtractStackTrace () (at /Users/bokken/buildslave/unity/build/Runtime/Export/Scripting/StackTrace.cs:37)
UnityEngine.DebugLogHandler:LogFormat (UnityEngine.LogType,UnityEngine.Object,string,object[])
UnityEngine.Logger:Log (UnityEngine.LogType,object)
UnityEngine.Debug:LogError (object)
UnityEditor.EditorAssemblies:ProcessInitializeOnLoadAttributes (System.Type[]) (at /Users/bokken/buildslave/unity/build/Editor/Mono/EditorAssemblies.cs:138)

(Filename: /Users/bokken/buildslave/unity/build/Editor/Mono/EditorAssemblies.cs Line: 138)

Mono: successfully reloaded assembly
- Completed reload, in  1.885 seconds
Domain Reload Profiling:
	ReloadAssembly (1886ms)
		BeginReloadAssembly (123ms)
			ExecutionOrderSort (0ms)
			DisableScriptedObjects (5ms)
			BackupInstance (0ms)
			ReleaseScriptingObjects (0ms)
			CreateAndSetChildDomain (72ms)
		EndReloadAssembly (1694ms)
			LoadAssemblies (70ms)
			RebuildTransferFunctionScriptingTraits (0ms)
			SetupTypeCache (463ms)
			ReleaseScriptCaches (1ms)
			RebuildScriptCaches (73ms)
			SetupLoadedEditorAssemblies (862ms)
				LogAssemblyErrors (0ms)
				InitializePlatformSupportModulesInManaged (6ms)
				SetLoadedEditorAssemblies (1ms)
				RefreshPlugins (1ms)
				BeforeProcessingInitializeOnLoad (141ms)
				ProcessInitializeOnLoadAttributes (704ms)
				ProcessInitializeOnLoadMethodAttributes (9ms)
				AfterProcessingInitializeOnLoad (1ms)
				EditorAssembliesLoaded (0ms)
			ExecutionOrderSort2 (0ms)
			AwakeInstancesAfterBackupRestoration (12ms)
Platform modules already initialized, skipping
Refreshing native plugins compatible for Editor in 0.80 ms, found 2 plugins.
Preloading 0 native plugins for Editor in 0.00 ms.
Unloading 3911 Unused Serialized files (Serialized files now loaded: 0)
System memory in use before: 359.9 MB.
System memory in use after: 358.6 MB.

Unloading 38 unused Assets to reduce memory usage. Loaded Objects now: 4552.
Total: 4.669431 ms (FindLiveObjects: 0.324316 ms CreateObjectMapping: 0.212046 ms MarkObjects: 3.177075 ms  DeleteObjects: 0.955317 ms)

AssetImportParameters requested are different than current active one (requested -> active):
  custom:video-decoder-ogg-theora: a1e56fd34408186e4bbccfd4996cb3dc -> 
  custom:container-muxer-webm: aa71ff27fc2769a1b78a27578f13a17b -> 
  custom:container-demuxer-webm: 4f35f7cbe854078d1ac9338744f61a02 -> 
  custom:container-demuxer-ogg: 62fdf1f143b41e24485cea50d1cbac27 -> 
  custom:video-encoder-webm-vp8: eb34c28f22e8b96e1ab97ce403110664 -> 
  custom:framework-osx-AVFoundation: b23960f63f64bdc6ff669e2cdcee2391 -> 
  custom:video-decoder-webm-vp8: 9c59270c3fd7afecdb556c50c9e8de78 -> 
  custom:audio-decoder-ogg-vorbis: bf7c407c2cedff20999df2af8eb42d56 -> 
  custom:audio-encoder-webm-vorbis: bf7c407c2cedff20999df2af8eb42d56 -> 
========================================================================
Received Import Request.
  Time since last request: 1944.737013 seconds.
  path: Assets/Environment/Prefabs/sandals.prefab
  artifactKey: Guid(777a801df829948aaa9b4f0df46df8df) Importer(815301076,1909f56bfc062723c751e8b465ee728b)
Start importing Assets/Environment/Prefabs/sandals.prefab using Guid(777a801df829948aaa9b4f0df46df8df) Importer(815301076,1909f56bfc062723c751e8b465ee728b)  -> (artifact id: 'c94435d1bcad684597b9d51221d719af') in 0.059416 seconds 
========================================================================
Received Prepare
Registering precompiled user dll's ...
Registered in 0.002018 seconds.
Begin MonoManager ReloadAssembly
Native extension for WindowsStandalone target not found
Native extension for OSXStandalone target not found
Native extension for WebGL target not found
Refreshing native plugins compatible for Editor in 1.05 ms, found 2 plugins.
Preloading 0 native plugins for Editor in 0.00 ms.
CreateSerializedAsset is not supported while importing out-of-process
UnityEngine.StackTraceUtility:ExtractStackTrace () (at /Users/bokken/buildslave/unity/build/Runtime/Export/Scripting/StackTrace.cs:37)
AC.ACEditorPrefs:GetOrCreateSettings () (at Assets/AdventureCreator/Scripts/Managers/ACEditorPrefs.cs:96)
AC.ACEditorPrefs:get_DisableInstaller () (at Assets/AdventureCreator/Scripts/Managers/ACEditorPrefs.cs:334)
AC.ACInstaller:IsInstalled () (at Assets/AdventureCreator/Scripts/Managers/Editor/ACInstaller.cs:37)
AC.ACInstaller:CheckInstall () (at Assets/AdventureCreator/Scripts/Managers/Editor/ACInstaller.cs:52)
AC.ACInstaller:.cctor () (at Assets/AdventureCreator/Scripts/Managers/Editor/ACInstaller.cs:31)
System.Runtime.CompilerServices.RuntimeHelpers:RunClassConstructor (System.RuntimeTypeHandle)
UnityEditor.EditorAssemblies:ProcessInitializeOnLoadAttributes (System.Type[]) (at /Users/bokken/buildslave/unity/build/Editor/Mono/EditorAssemblies.cs:134)

[Assets/AdventureCreator/Scripts/Managers/ACEditorPrefs.cs line 96]

UnityEngine.UnityException: Creating asset at path Assets/AdventureCreator/Editor/ACEditorPrefs.asset failed.
  at (wrapper managed-to-native) UnityEditor.AssetDatabase.CreateAsset(UnityEngine.Object,string)
  at AC.ACEditorPrefs.GetOrCreateSettings () [0x00115] in /Users/annagouliou/Desktop/TempleOfGods/TempleOfGods/Temple Of Gods/Assets/AdventureCreator/Scripts/Managers/ACEditorPrefs.cs:96 
  at AC.ACEditorPrefs.get_DisableInstaller () [0x00000] in /Users/annagouliou/Desktop/TempleOfGods/TempleOfGods/Temple Of Gods/Assets/AdventureCreator/Scripts/Managers/ACEditorPrefs.cs:334 
  at AC.ACInstaller.IsInstalled () [0x00000] in /Users/annagouliou/Desktop/TempleOfGods/TempleOfGods/Temple Of Gods/Assets/AdventureCreator/Scripts/Managers/Editor/ACInstaller.cs:37 
  at AC.ACInstaller.CheckInstall () [0x00000] in /Users/annagouliou/Desktop/TempleOfGods/TempleOfGods/Temple Of Gods/Assets/AdventureCreator/Scripts/Managers/Editor/ACInstaller.cs:52 
  at AC.ACInstaller..cctor () [0x00000] in /Users/annagouliou/Desktop/TempleOfGods/TempleOfGods/Temple Of Gods/Assets/AdventureCreator/Scripts/Managers/Editor/ACInstaller.cs:31 
UnityEngine.StackTraceUtility:ExtractStackTrace () (at /Users/bokken/buildslave/unity/build/Runtime/Export/Scripting/StackTrace.cs:37)
UnityEngine.DebugLogHandler:LogFormat (UnityEngine.LogType,UnityEngine.Object,string,object[])
UnityEngine.Logger:Log (UnityEngine.LogType,object)
UnityEngine.Debug:LogError (object)
UnityEditor.EditorAssemblies:ProcessInitializeOnLoadAttributes (System.Type[]) (at /Users/bokken/buildslave/unity/build/Editor/Mono/EditorAssemblies.cs:138)

(Filename: /Users/bokken/buildslave/unity/build/Editor/Mono/EditorAssemblies.cs Line: 138)

Mono: successfully reloaded assembly
- Completed reload, in  1.898 seconds
Domain Reload Profiling:
	ReloadAssembly (1898ms)
		BeginReloadAssembly (135ms)
			ExecutionOrderSort (0ms)
			DisableScriptedObjects (6ms)
			BackupInstance (0ms)
			ReleaseScriptingObjects (0ms)
			CreateAndSetChildDomain (76ms)
		EndReloadAssembly (1685ms)
			LoadAssemblies (84ms)
			RebuildTransferFunctionScriptingTraits (0ms)
			SetupTypeCache (468ms)
			ReleaseScriptCaches (1ms)
			RebuildScriptCaches (72ms)
			SetupLoadedEditorAssemblies (851ms)
				LogAssemblyErrors (0ms)
				InitializePlatformSupportModulesInManaged (5ms)
				SetLoadedEditorAssemblies (1ms)
				RefreshPlugins (1ms)
				BeforeProcessingInitializeOnLoad (138ms)
				ProcessInitializeOnLoadAttributes (696ms)
				ProcessInitializeOnLoadMethodAttributes (9ms)
				AfterProcessingInitializeOnLoad (1ms)
				EditorAssembliesLoaded (0ms)
			ExecutionOrderSort2 (0ms)
			AwakeInstancesAfterBackupRestoration (11ms)
Platform modules already initialized, skipping
Refreshing native plugins compatible for Editor in 0.95 ms, found 2 plugins.
Preloading 0 native plugins for Editor in 0.00 ms.
Unloading 3911 Unused Serialized files (Serialized files now loaded: 0)
System memory in use before: 364.4 MB.
System memory in use after: 363.0 MB.

Unloading 38 unused Assets to reduce memory usage. Loaded Objects now: 4556.
Total: 4.776306 ms (FindLiveObjects: 0.301997 ms CreateObjectMapping: 0.209946 ms MarkObjects: 3.206321 ms  DeleteObjects: 1.057359 ms)

AssetImportParameters requested are different than current active one (requested -> active):
  custom:video-decoder-ogg-theora: a1e56fd34408186e4bbccfd4996cb3dc -> 
  custom:container-muxer-webm: aa71ff27fc2769a1b78a27578f13a17b -> 
  custom:container-demuxer-webm: 4f35f7cbe854078d1ac9338744f61a02 -> 
  custom:container-demuxer-ogg: 62fdf1f143b41e24485cea50d1cbac27 -> 
  custom:video-encoder-webm-vp8: eb34c28f22e8b96e1ab97ce403110664 -> 
  custom:framework-osx-AVFoundation: b23960f63f64bdc6ff669e2cdcee2391 -> 
  custom:video-decoder-webm-vp8: 9c59270c3fd7afecdb556c50c9e8de78 -> 
  custom:audio-decoder-ogg-vorbis: bf7c407c2cedff20999df2af8eb42d56 -> 
  custom:audio-encoder-webm-vorbis: bf7c407c2cedff20999df2af8eb42d56 -> 
========================================================================
Received Prepare
Registering precompiled user dll's ...
Registered in 0.001884 seconds.
Begin MonoManager ReloadAssembly
Native extension for WindowsStandalone target not found
Native extension for OSXStandalone target not found
Native extension for WebGL target not found
Refreshing native plugins compatible for Editor in 0.75 ms, found 2 plugins.
Preloading 0 native plugins for Editor in 0.00 ms.
CreateSerializedAsset is not supported while importing out-of-process
UnityEngine.StackTraceUtility:ExtractStackTrace () (at /Users/bokken/buildslave/unity/build/Runtime/Export/Scripting/StackTrace.cs:37)
AC.ACEditorPrefs:GetOrCreateSettings () (at Assets/AdventureCreator/Scripts/Managers/ACEditorPrefs.cs:96)
AC.ACEditorPrefs:get_DisableInstaller () (at Assets/AdventureCreator/Scripts/Managers/ACEditorPrefs.cs:334)
AC.ACInstaller:IsInstalled () (at Assets/AdventureCreator/Scripts/Managers/Editor/ACInstaller.cs:37)
AC.ACInstaller:CheckInstall () (at Assets/AdventureCreator/Scripts/Managers/Editor/ACInstaller.cs:52)
AC.ACInstaller:.cctor () (at Assets/AdventureCreator/Scripts/Managers/Editor/ACInstaller.cs:31)
System.Runtime.CompilerServices.RuntimeHelpers:RunClassConstructor (System.RuntimeTypeHandle)
UnityEditor.EditorAssemblies:ProcessInitializeOnLoadAttributes (System.Type[]) (at /Users/bokken/buildslave/unity/build/Editor/Mono/EditorAssemblies.cs:134)

[Assets/AdventureCreator/Scripts/Managers/ACEditorPrefs.cs line 96]

UnityEngine.UnityException: Creating asset at path Assets/AdventureCreator/Editor/ACEditorPrefs.asset failed.
  at (wrapper managed-to-native) UnityEditor.AssetDatabase.CreateAsset(UnityEngine.Object,string)
  at AC.ACEditorPrefs.GetOrCreateSettings () [0x00115] in /Users/annagouliou/Desktop/TempleOfGods/TempleOfGods/Temple Of Gods/Assets/AdventureCreator/Scripts/Managers/ACEditorPrefs.cs:96 
  at AC.ACEditorPrefs.get_DisableInstaller () [0x00000] in /Users/annagouliou/Desktop/TempleOfGods/TempleOfGods/Temple Of Gods/Assets/AdventureCreator/Scripts/Managers/ACEditorPrefs.cs:334 
  at AC.ACInstaller.IsInstalled () [0x00000] in /Users/annagouliou/Desktop/TempleOfGods/TempleOfGods/Temple Of Gods/Assets/AdventureCreator/Scripts/Managers/Editor/ACInstaller.cs:37 
  at AC.ACInstaller.CheckInstall () [0x00000] in /Users/annagouliou/Desktop/TempleOfGods/TempleOfGods/Temple Of Gods/Assets/AdventureCreator/Scripts/Managers/Editor/ACInstaller.cs:52 
  at AC.ACInstaller..cctor () [0x00000] in /Users/annagouliou/Desktop/TempleOfGods/TempleOfGods/Temple Of Gods/Assets/AdventureCreator/Scripts/Managers/Editor/ACInstaller.cs:31 
UnityEngine.StackTraceUtility:ExtractStackTrace () (at /Users/bokken/buildslave/unity/build/Runtime/Export/Scripting/StackTrace.cs:37)
UnityEngine.DebugLogHandler:LogFormat (UnityEngine.LogType,UnityEngine.Object,string,object[])
UnityEngine.Logger:Log (UnityEngine.LogType,object)
UnityEngine.Debug:LogError (object)
UnityEditor.EditorAssemblies:ProcessInitializeOnLoadAttributes (System.Type[]) (at /Users/bokken/buildslave/unity/build/Editor/Mono/EditorAssemblies.cs:138)

(Filename: /Users/bokken/buildslave/unity/build/Editor/Mono/EditorAssemblies.cs Line: 138)

Mono: successfully reloaded assembly
- Completed reload, in  1.923 seconds
Domain Reload Profiling:
	ReloadAssembly (1923ms)
		BeginReloadAssembly (123ms)
			ExecutionOrderSort (0ms)
			DisableScriptedObjects (5ms)
			BackupInstance (0ms)
			ReleaseScriptingObjects (0ms)
			CreateAndSetChildDomain (69ms)
		EndReloadAssembly (1724ms)
			LoadAssemblies (78ms)
			RebuildTransferFunctionScriptingTraits (0ms)
			SetupTypeCache (545ms)
			ReleaseScriptCaches (1ms)
			RebuildScriptCaches (69ms)
			SetupLoadedEditorAssemblies (821ms)
				LogAssemblyErrors (0ms)
				InitializePlatformSupportModulesInManaged (6ms)
				SetLoadedEditorAssemblies (1ms)
				RefreshPlugins (1ms)
				BeforeProcessingInitializeOnLoad (129ms)
				ProcessInitializeOnLoadAttributes (674ms)
				ProcessInitializeOnLoadMethodAttributes (9ms)
				AfterProcessingInitializeOnLoad (1ms)
				EditorAssembliesLoaded (0ms)
			ExecutionOrderSort2 (0ms)
			AwakeInstancesAfterBackupRestoration (11ms)
Platform modules already initialized, skipping
Refreshing native plugins compatible for Editor in 0.73 ms, found 2 plugins.
Preloading 0 native plugins for Editor in 0.00 ms.
Unloading 3911 Unused Serialized files (Serialized files now loaded: 0)
System memory in use before: 364.6 MB.
System memory in use after: 363.2 MB.

Unloading 38 unused Assets to reduce memory usage. Loaded Objects now: 4560.
Total: 4.535492 ms (FindLiveObjects: 0.281726 ms CreateObjectMapping: 0.182943 ms MarkObjects: 3.136985 ms  DeleteObjects: 0.933070 ms)

AssetImportParameters requested are different than current active one (requested -> active):
  custom:video-decoder-ogg-theora: a1e56fd34408186e4bbccfd4996cb3dc -> 
  custom:container-muxer-webm: aa71ff27fc2769a1b78a27578f13a17b -> 
  custom:container-demuxer-webm: 4f35f7cbe854078d1ac9338744f61a02 -> 
  custom:container-demuxer-ogg: 62fdf1f143b41e24485cea50d1cbac27 -> 
  custom:video-encoder-webm-vp8: eb34c28f22e8b96e1ab97ce403110664 -> 
  custom:framework-osx-AVFoundation: b23960f63f64bdc6ff669e2cdcee2391 -> 
  custom:video-decoder-webm-vp8: 9c59270c3fd7afecdb556c50c9e8de78 -> 
  custom:audio-decoder-ogg-vorbis: bf7c407c2cedff20999df2af8eb42d56 -> 
  custom:audio-encoder-webm-vorbis: bf7c407c2cedff20999df2af8eb42d56 -> 
========================================================================
Received Prepare
Registering precompiled user dll's ...
Registered in 0.001921 seconds.
Begin MonoManager ReloadAssembly
Native extension for WindowsStandalone target not found
Native extension for OSXStandalone target not found
Native extension for WebGL target not found
Refreshing native plugins compatible for Editor in 0.78 ms, found 2 plugins.
Preloading 0 native plugins for Editor in 0.00 ms.
CreateSerializedAsset is not supported while importing out-of-process
UnityEngine.StackTraceUtility:ExtractStackTrace () (at /Users/bokken/buildslave/unity/build/Runtime/Export/Scripting/StackTrace.cs:37)
AC.ACEditorPrefs:GetOrCreateSettings () (at Assets/AdventureCreator/Scripts/Managers/ACEditorPrefs.cs:96)
AC.ACEditorPrefs:get_DisableInstaller () (at Assets/AdventureCreator/Scripts/Managers/ACEditorPrefs.cs:334)
AC.ACInstaller:IsInstalled () (at Assets/AdventureCreator/Scripts/Managers/Editor/ACInstaller.cs:37)
AC.ACInstaller:CheckInstall () (at Assets/AdventureCreator/Scripts/Managers/Editor/ACInstaller.cs:52)
AC.ACInstaller:.cctor () (at Assets/AdventureCreator/Scripts/Managers/Editor/ACInstaller.cs:31)
System.Runtime.CompilerServices.RuntimeHelpers:RunClassConstructor (System.RuntimeTypeHandle)
UnityEditor.EditorAssemblies:ProcessInitializeOnLoadAttributes (System.Type[]) (at /Users/bokken/buildslave/unity/build/Editor/Mono/EditorAssemblies.cs:134)

[Assets/AdventureCreator/Scripts/Managers/ACEditorPrefs.cs line 96]

UnityEngine.UnityException: Creating asset at path Assets/AdventureCreator/Editor/ACEditorPrefs.asset failed.
  at (wrapper managed-to-native) UnityEditor.AssetDatabase.CreateAsset(UnityEngine.Object,string)
  at AC.ACEditorPrefs.GetOrCreateSettings () [0x00115] in /Users/annagouliou/Desktop/TempleOfGods/TempleOfGods/Temple Of Gods/Assets/AdventureCreator/Scripts/Managers/ACEditorPrefs.cs:96 
  at AC.ACEditorPrefs.get_DisableInstaller () [0x00000] in /Users/annagouliou/Desktop/TempleOfGods/TempleOfGods/Temple Of Gods/Assets/AdventureCreator/Scripts/Managers/ACEditorPrefs.cs:334 
  at AC.ACInstaller.IsInstalled () [0x00000] in /Users/annagouliou/Desktop/TempleOfGods/TempleOfGods/Temple Of Gods/Assets/AdventureCreator/Scripts/Managers/Editor/ACInstaller.cs:37 
  at AC.ACInstaller.CheckInstall () [0x00000] in /Users/annagouliou/Desktop/TempleOfGods/TempleOfGods/Temple Of Gods/Assets/AdventureCreator/Scripts/Managers/Editor/ACInstaller.cs:52 
  at AC.ACInstaller..cctor () [0x00000] in /Users/annagouliou/Desktop/TempleOfGods/TempleOfGods/Temple Of Gods/Assets/AdventureCreator/Scripts/Managers/Editor/ACInstaller.cs:31 
UnityEngine.StackTraceUtility:ExtractStackTrace () (at /Users/bokken/buildslave/unity/build/Runtime/Export/Scripting/StackTrace.cs:37)
UnityEngine.DebugLogHandler:LogFormat (UnityEngine.LogType,UnityEngine.Object,string,object[])
UnityEngine.Logger:Log (UnityEngine.LogType,object)
UnityEngine.Debug:LogError (object)
UnityEditor.EditorAssemblies:ProcessInitializeOnLoadAttributes (System.Type[]) (at /Users/bokken/buildslave/unity/build/Editor/Mono/EditorAssemblies.cs:138)

(Filename: /Users/bokken/buildslave/unity/build/Editor/Mono/EditorAssemblies.cs Line: 138)

Mono: successfully reloaded assembly
- Completed reload, in  1.952 seconds
Domain Reload Profiling:
	ReloadAssembly (1952ms)
		BeginReloadAssembly (133ms)
			ExecutionOrderSort (0ms)
			DisableScriptedObjects (5ms)
			BackupInstance (0ms)
			ReleaseScriptingObjects (0ms)
			CreateAndSetChildDomain (78ms)
		EndReloadAssembly (1745ms)
			LoadAssemblies (75ms)
			RebuildTransferFunctionScriptingTraits (0ms)
			SetupTypeCache (475ms)
			ReleaseScriptCaches (2ms)
			RebuildScriptCaches (76ms)
			SetupLoadedEditorAssemblies (884ms)
				LogAssemblyErrors (0ms)
				InitializePlatformSupportModulesInManaged (5ms)
				SetLoadedEditorAssemblies (1ms)
				RefreshPlugins (1ms)
				BeforeProcessingInitializeOnLoad (138ms)
				ProcessInitializeOnLoadAttributes (729ms)
				ProcessInitializeOnLoadMethodAttributes (9ms)
				AfterProcessingInitializeOnLoad (1ms)
				EditorAssembliesLoaded (0ms)
			ExecutionOrderSort2 (0ms)
			AwakeInstancesAfterBackupRestoration (12ms)
Platform modules already initialized, skipping
Refreshing native plugins compatible for Editor in 0.75 ms, found 2 plugins.
Preloading 0 native plugins for Editor in 0.00 ms.
Unloading 3911 Unused Serialized files (Serialized files now loaded: 0)
System memory in use before: 364.8 MB.
System memory in use after: 363.5 MB.

Unloading 38 unused Assets to reduce memory usage. Loaded Objects now: 4564.
Total: 4.626157 ms (FindLiveObjects: 0.283278 ms CreateObjectMapping: 0.204490 ms MarkObjects: 3.181100 ms  DeleteObjects: 0.956515 ms)

AssetImportParameters requested are different than current active one (requested -> active):
  custom:video-decoder-ogg-theora: a1e56fd34408186e4bbccfd4996cb3dc -> 
  custom:container-muxer-webm: aa71ff27fc2769a1b78a27578f13a17b -> 
  custom:container-demuxer-webm: 4f35f7cbe854078d1ac9338744f61a02 -> 
  custom:container-demuxer-ogg: 62fdf1f143b41e24485cea50d1cbac27 -> 
  custom:video-encoder-webm-vp8: eb34c28f22e8b96e1ab97ce403110664 -> 
  custom:framework-osx-AVFoundation: b23960f63f64bdc6ff669e2cdcee2391 -> 
  custom:video-decoder-webm-vp8: 9c59270c3fd7afecdb556c50c9e8de78 -> 
  custom:audio-decoder-ogg-vorbis: bf7c407c2cedff20999df2af8eb42d56 -> 
  custom:audio-encoder-webm-vorbis: bf7c407c2cedff20999df2af8eb42d56 -> 
========================================================================
Received Import Request.
  Time since last request: 634.515382 seconds.
  path: Assets/Scripts/PickUp.cs
  artifactKey: Guid(813feb76f5a264ef2977615f3d8687f8) Importer(815301076,1909f56bfc062723c751e8b465ee728b)
Start importing Assets/Scripts/PickUp.cs using Guid(813feb76f5a264ef2977615f3d8687f8) Importer(815301076,1909f56bfc062723c751e8b465ee728b)  -> (artifact id: '78491e660d66769ff0cb5ba219bb5f3d') in 0.009233 seconds 
========================================================================
Received Prepare
Registering precompiled user dll's ...
Registered in 0.001854 seconds.
Begin MonoManager ReloadAssembly
Native extension for WindowsStandalone target not found
Native extension for OSXStandalone target not found
Native extension for WebGL target not found
Refreshing native plugins compatible for Editor in 0.74 ms, found 2 plugins.
Preloading 0 native plugins for Editor in 0.00 ms.
CreateSerializedAsset is not supported while importing out-of-process
UnityEngine.StackTraceUtility:ExtractStackTrace () (at /Users/bokken/buildslave/unity/build/Runtime/Export/Scripting/StackTrace.cs:37)
AC.ACEditorPrefs:GetOrCreateSettings () (at Assets/AdventureCreator/Scripts/Managers/ACEditorPrefs.cs:96)
AC.ACEditorPrefs:get_DisableInstaller () (at Assets/AdventureCreator/Scripts/Managers/ACEditorPrefs.cs:334)
AC.ACInstaller:IsInstalled () (at Assets/AdventureCreator/Scripts/Managers/Editor/ACInstaller.cs:37)
AC.ACInstaller:CheckInstall () (at Assets/AdventureCreator/Scripts/Managers/Editor/ACInstaller.cs:52)
AC.ACInstaller:.cctor () (at Assets/AdventureCreator/Scripts/Managers/Editor/ACInstaller.cs:31)
System.Runtime.CompilerServices.RuntimeHelpers:RunClassConstructor (System.RuntimeTypeHandle)
UnityEditor.EditorAssemblies:ProcessInitializeOnLoadAttributes (System.Type[]) (at /Users/bokken/buildslave/unity/build/Editor/Mono/EditorAssemblies.cs:134)

[Assets/AdventureCreator/Scripts/Managers/ACEditorPrefs.cs line 96]

UnityEngine.UnityException: Creating asset at path Assets/AdventureCreator/Editor/ACEditorPrefs.asset failed.
  at (wrapper managed-to-native) UnityEditor.AssetDatabase.CreateAsset(UnityEngine.Object,string)
  at AC.ACEditorPrefs.GetOrCreateSettings () [0x00115] in /Users/annagouliou/Desktop/TempleOfGods/TempleOfGods/Temple Of Gods/Assets/AdventureCreator/Scripts/Managers/ACEditorPrefs.cs:96 
  at AC.ACEditorPrefs.get_DisableInstaller () [0x00000] in /Users/annagouliou/Desktop/TempleOfGods/TempleOfGods/Temple Of Gods/Assets/AdventureCreator/Scripts/Managers/ACEditorPrefs.cs:334 
  at AC.ACInstaller.IsInstalled () [0x00000] in /Users/annagouliou/Desktop/TempleOfGods/TempleOfGods/Temple Of Gods/Assets/AdventureCreator/Scripts/Managers/Editor/ACInstaller.cs:37 
  at AC.ACInstaller.CheckInstall () [0x00000] in /Users/annagouliou/Desktop/TempleOfGods/TempleOfGods/Temple Of Gods/Assets/AdventureCreator/Scripts/Managers/Editor/ACInstaller.cs:52 
  at AC.ACInstaller..cctor () [0x00000] in /Users/annagouliou/Desktop/TempleOfGods/TempleOfGods/Temple Of Gods/Assets/AdventureCreator/Scripts/Managers/Editor/ACInstaller.cs:31 
UnityEngine.StackTraceUtility:ExtractStackTrace () (at /Users/bokken/buildslave/unity/build/Runtime/Export/Scripting/StackTrace.cs:37)
UnityEngine.DebugLogHandler:LogFormat (UnityEngine.LogType,UnityEngine.Object,string,object[])
UnityEngine.Logger:Log (UnityEngine.LogType,object)
UnityEngine.Debug:LogError (object)
UnityEditor.EditorAssemblies:ProcessInitializeOnLoadAttributes (System.Type[]) (at /Users/bokken/buildslave/unity/build/Editor/Mono/EditorAssemblies.cs:138)

(Filename: /Users/bokken/buildslave/unity/build/Editor/Mono/EditorAssemblies.cs Line: 138)

Mono: successfully reloaded assembly
- Completed reload, in  1.933 seconds
Domain Reload Profiling:
	ReloadAssembly (1933ms)
		BeginReloadAssembly (142ms)
			ExecutionOrderSort (0ms)
			DisableScriptedObjects (5ms)
			BackupInstance (0ms)
			ReleaseScriptingObjects (0ms)
			CreateAndSetChildDomain (81ms)
		EndReloadAssembly (1711ms)
			LoadAssemblies (80ms)
			RebuildTransferFunctionScriptingTraits (0ms)
			SetupTypeCache (494ms)
			ReleaseScriptCaches (1ms)
			RebuildScriptCaches (77ms)
			SetupLoadedEditorAssemblies (842ms)
				LogAssemblyErrors (0ms)
				InitializePlatformSupportModulesInManaged (5ms)
				SetLoadedEditorAssemblies (1ms)
				RefreshPlugins (1ms)
				BeforeProcessingInitializeOnLoad (130ms)
				ProcessInitializeOnLoadAttributes (695ms)
				ProcessInitializeOnLoadMethodAttributes (10ms)
				AfterProcessingInitializeOnLoad (1ms)
				EditorAssembliesLoaded (0ms)
			ExecutionOrderSort2 (0ms)
			AwakeInstancesAfterBackupRestoration (12ms)
Platform modules already initialized, skipping
Refreshing native plugins compatible for Editor in 0.89 ms, found 2 plugins.
Preloading 0 native plugins for Editor in 0.00 ms.
Unloading 3911 Unused Serialized files (Serialized files now loaded: 0)
System memory in use before: 365.1 MB.
System memory in use after: 363.7 MB.

Unloading 38 unused Assets to reduce memory usage. Loaded Objects now: 4568.
Total: 5.755143 ms (FindLiveObjects: 0.278394 ms CreateObjectMapping: 0.197700 ms MarkObjects: 4.164802 ms  DeleteObjects: 1.112960 ms)

AssetImportParameters requested are different than current active one (requested -> active):
  custom:video-decoder-ogg-theora: a1e56fd34408186e4bbccfd4996cb3dc -> 
  custom:container-muxer-webm: aa71ff27fc2769a1b78a27578f13a17b -> 
  custom:container-demuxer-webm: 4f35f7cbe854078d1ac9338744f61a02 -> 
  custom:container-demuxer-ogg: 62fdf1f143b41e24485cea50d1cbac27 -> 
  custom:video-encoder-webm-vp8: eb34c28f22e8b96e1ab97ce403110664 -> 
  custom:framework-osx-AVFoundation: b23960f63f64bdc6ff669e2cdcee2391 -> 
  custom:video-decoder-webm-vp8: 9c59270c3fd7afecdb556c50c9e8de78 -> 
  custom:audio-decoder-ogg-vorbis: bf7c407c2cedff20999df2af8eb42d56 -> 
  custom:audio-encoder-webm-vorbis: bf7c407c2cedff20999df2af8eb42d56 -> 
========================================================================
Received Import Request.
  Time since last request: 255.306909 seconds.
  path: Assets/Scripts/PickUp.cs
  artifactKey: Guid(813feb76f5a264ef2977615f3d8687f8) Importer(815301076,1909f56bfc062723c751e8b465ee728b)
Start importing Assets/Scripts/PickUp.cs using Guid(813feb76f5a264ef2977615f3d8687f8) Importer(815301076,1909f56bfc062723c751e8b465ee728b)  -> (artifact id: '066d1dd0e0f5519b158e933de545a463') in 0.010358 seconds 
========================================================================
Received Prepare
Registering precompiled user dll's ...
Registered in 0.001902 seconds.
Begin MonoManager ReloadAssembly
Native extension for WindowsStandalone target not found
Native extension for OSXStandalone target not found
Native extension for WebGL target not found
Refreshing native plugins compatible for Editor in 0.82 ms, found 2 plugins.
Preloading 0 native plugins for Editor in 0.00 ms.
CreateSerializedAsset is not supported while importing out-of-process
UnityEngine.StackTraceUtility:ExtractStackTrace () (at /Users/bokken/buildslave/unity/build/Runtime/Export/Scripting/StackTrace.cs:37)
AC.ACEditorPrefs:GetOrCreateSettings () (at Assets/AdventureCreator/Scripts/Managers/ACEditorPrefs.cs:96)
AC.ACEditorPrefs:get_DisableInstaller () (at Assets/AdventureCreator/Scripts/Managers/ACEditorPrefs.cs:334)
AC.ACInstaller:IsInstalled () (at Assets/AdventureCreator/Scripts/Managers/Editor/ACInstaller.cs:37)
AC.ACInstaller:CheckInstall () (at Assets/AdventureCreator/Scripts/Managers/Editor/ACInstaller.cs:52)
AC.ACInstaller:.cctor () (at Assets/AdventureCreator/Scripts/Managers/Editor/ACInstaller.cs:31)
System.Runtime.CompilerServices.RuntimeHelpers:RunClassConstructor (System.RuntimeTypeHandle)
UnityEditor.EditorAssemblies:ProcessInitializeOnLoadAttributes (System.Type[]) (at /Users/bokken/buildslave/unity/build/Editor/Mono/EditorAssemblies.cs:134)

[Assets/AdventureCreator/Scripts/Managers/ACEditorPrefs.cs line 96]

UnityEngine.UnityException: Creating asset at path Assets/AdventureCreator/Editor/ACEditorPrefs.asset failed.
  at (wrapper managed-to-native) UnityEditor.AssetDatabase.CreateAsset(UnityEngine.Object,string)
  at AC.ACEditorPrefs.GetOrCreateSettings () [0x00115] in /Users/annagouliou/Desktop/TempleOfGods/TempleOfGods/Temple Of Gods/Assets/AdventureCreator/Scripts/Managers/ACEditorPrefs.cs:96 
  at AC.ACEditorPrefs.get_DisableInstaller () [0x00000] in /Users/annagouliou/Desktop/TempleOfGods/TempleOfGods/Temple Of Gods/Assets/AdventureCreator/Scripts/Managers/ACEditorPrefs.cs:334 
  at AC.ACInstaller.IsInstalled () [0x00000] in /Users/annagouliou/Desktop/TempleOfGods/TempleOfGods/Temple Of Gods/Assets/AdventureCreator/Scripts/Managers/Editor/ACInstaller.cs:37 
  at AC.ACInstaller.CheckInstall () [0x00000] in /Users/annagouliou/Desktop/TempleOfGods/TempleOfGods/Temple Of Gods/Assets/AdventureCreator/Scripts/Managers/Editor/ACInstaller.cs:52 
  at AC.ACInstaller..cctor () [0x00000] in /Users/annagouliou/Desktop/TempleOfGods/TempleOfGods/Temple Of Gods/Assets/AdventureCreator/Scripts/Managers/Editor/ACInstaller.cs:31 
UnityEngine.StackTraceUtility:ExtractStackTrace () (at /Users/bokken/buildslave/unity/build/Runtime/Export/Scripting/StackTrace.cs:37)
UnityEngine.DebugLogHandler:LogFormat (UnityEngine.LogType,UnityEngine.Object,string,object[])
UnityEngine.Logger:Log (UnityEngine.LogType,object)
UnityEngine.Debug:LogError (object)
UnityEditor.EditorAssemblies:ProcessInitializeOnLoadAttributes (System.Type[]) (at /Users/bokken/buildslave/unity/build/Editor/Mono/EditorAssemblies.cs:138)

(Filename: /Users/bokken/buildslave/unity/build/Editor/Mono/EditorAssemblies.cs Line: 138)

Mono: successfully reloaded assembly
- Completed reload, in  1.820 seconds
Domain Reload Profiling:
	ReloadAssembly (1820ms)
		BeginReloadAssembly (128ms)
			ExecutionOrderSort (0ms)
			DisableScriptedObjects (5ms)
			BackupInstance (0ms)
			ReleaseScriptingObjects (0ms)
			CreateAndSetChildDomain (75ms)
		EndReloadAssembly (1623ms)
			LoadAssemblies (71ms)
			RebuildTransferFunctionScriptingTraits (0ms)
			SetupTypeCache (438ms)
			ReleaseScriptCaches (1ms)
			RebuildScriptCaches (70ms)
			SetupLoadedEditorAssemblies (831ms)
				LogAssemblyErrors (0ms)
				InitializePlatformSupportModulesInManaged (5ms)
				SetLoadedEditorAssemblies (1ms)
				RefreshPlugins (1ms)
				BeforeProcessingInitializeOnLoad (130ms)
				ProcessInitializeOnLoadAttributes (684ms)
				ProcessInitializeOnLoadMethodAttributes (9ms)
				AfterProcessingInitializeOnLoad (1ms)
				EditorAssembliesLoaded (0ms)
			ExecutionOrderSort2 (0ms)
			AwakeInstancesAfterBackupRestoration (11ms)
Platform modules already initialized, skipping
Refreshing native plugins compatible for Editor in 0.74 ms, found 2 plugins.
Preloading 0 native plugins for Editor in 0.00 ms.
Unloading 3911 Unused Serialized files (Serialized files now loaded: 0)
System memory in use before: 365.3 MB.
System memory in use after: 364.0 MB.

Unloading 38 unused Assets to reduce memory usage. Loaded Objects now: 4572.
Total: 4.998136 ms (FindLiveObjects: 0.413126 ms CreateObjectMapping: 0.238614 ms MarkObjects: 3.173893 ms  DeleteObjects: 1.171873 ms)

AssetImportParameters requested are different than current active one (requested -> active):
  custom:video-decoder-ogg-theora: a1e56fd34408186e4bbccfd4996cb3dc -> 
  custom:container-muxer-webm: aa71ff27fc2769a1b78a27578f13a17b -> 
  custom:container-demuxer-webm: 4f35f7cbe854078d1ac9338744f61a02 -> 
  custom:container-demuxer-ogg: 62fdf1f143b41e24485cea50d1cbac27 -> 
  custom:video-encoder-webm-vp8: eb34c28f22e8b96e1ab97ce403110664 -> 
  custom:framework-osx-AVFoundation: b23960f63f64bdc6ff669e2cdcee2391 -> 
  custom:video-decoder-webm-vp8: 9c59270c3fd7afecdb556c50c9e8de78 -> 
  custom:audio-decoder-ogg-vorbis: bf7c407c2cedff20999df2af8eb42d56 -> 
  custom:audio-encoder-webm-vorbis: bf7c407c2cedff20999df2af8eb42d56 -> 
========================================================================
Received Prepare
Registering precompiled user dll's ...
Registered in 0.002037 seconds.
Begin MonoManager ReloadAssembly
Native extension for WindowsStandalone target not found
Native extension for OSXStandalone target not found
Native extension for WebGL target not found
Refreshing native plugins compatible for Editor in 0.74 ms, found 2 plugins.
Preloading 0 native plugins for Editor in 0.00 ms.
CreateSerializedAsset is not supported while importing out-of-process
UnityEngine.StackTraceUtility:ExtractStackTrace () (at /Users/bokken/buildslave/unity/build/Runtime/Export/Scripting/StackTrace.cs:37)
AC.ACEditorPrefs:GetOrCreateSettings () (at Assets/AdventureCreator/Scripts/Managers/ACEditorPrefs.cs:96)
AC.ACEditorPrefs:get_DisableInstaller () (at Assets/AdventureCreator/Scripts/Managers/ACEditorPrefs.cs:334)
AC.ACInstaller:IsInstalled () (at Assets/AdventureCreator/Scripts/Managers/Editor/ACInstaller.cs:37)
AC.ACInstaller:CheckInstall () (at Assets/AdventureCreator/Scripts/Managers/Editor/ACInstaller.cs:52)
AC.ACInstaller:.cctor () (at Assets/AdventureCreator/Scripts/Managers/Editor/ACInstaller.cs:31)
System.Runtime.CompilerServices.RuntimeHelpers:RunClassConstructor (System.RuntimeTypeHandle)
UnityEditor.EditorAssemblies:ProcessInitializeOnLoadAttributes (System.Type[]) (at /Users/bokken/buildslave/unity/build/Editor/Mono/EditorAssemblies.cs:134)

[Assets/AdventureCreator/Scripts/Managers/ACEditorPrefs.cs line 96]

UnityEngine.UnityException: Creating asset at path Assets/AdventureCreator/Editor/ACEditorPrefs.asset failed.
  at (wrapper managed-to-native) UnityEditor.AssetDatabase.CreateAsset(UnityEngine.Object,string)
  at AC.ACEditorPrefs.GetOrCreateSettings () [0x00115] in /Users/annagouliou/Desktop/TempleOfGods/TempleOfGods/Temple Of Gods/Assets/AdventureCreator/Scripts/Managers/ACEditorPrefs.cs:96 
  at AC.ACEditorPrefs.get_DisableInstaller () [0x00000] in /Users/annagouliou/Desktop/TempleOfGods/TempleOfGods/Temple Of Gods/Assets/AdventureCreator/Scripts/Managers/ACEditorPrefs.cs:334 
  at AC.ACInstaller.IsInstalled () [0x00000] in /Users/annagouliou/Desktop/TempleOfGods/TempleOfGods/Temple Of Gods/Assets/AdventureCreator/Scripts/Managers/Editor/ACInstaller.cs:37 
  at AC.ACInstaller.CheckInstall () [0x00000] in /Users/annagouliou/Desktop/TempleOfGods/TempleOfGods/Temple Of Gods/Assets/AdventureCreator/Scripts/Managers/Editor/ACInstaller.cs:52 
  at AC.ACInstaller..cctor () [0x00000] in /Users/annagouliou/Desktop/TempleOfGods/TempleOfGods/Temple Of Gods/Assets/AdventureCreator/Scripts/Managers/Editor/ACInstaller.cs:31 
UnityEngine.StackTraceUtility:ExtractStackTrace () (at /Users/bokken/buildslave/unity/build/Runtime/Export/Scripting/StackTrace.cs:37)
UnityEngine.DebugLogHandler:LogFormat (UnityEngine.LogType,UnityEngine.Object,string,object[])
UnityEngine.Logger:Log (UnityEngine.LogType,object)
UnityEngine.Debug:LogError (object)
UnityEditor.EditorAssemblies:ProcessInitializeOnLoadAttributes (System.Type[]) (at /Users/bokken/buildslave/unity/build/Editor/Mono/EditorAssemblies.cs:138)

(Filename: /Users/bokken/buildslave/unity/build/Editor/Mono/EditorAssemblies.cs Line: 138)

Mono: successfully reloaded assembly
- Completed reload, in  1.966 seconds
Domain Reload Profiling:
	ReloadAssembly (1967ms)
		BeginReloadAssembly (127ms)
			ExecutionOrderSort (0ms)
			DisableScriptedObjects (5ms)
			BackupInstance (0ms)
			ReleaseScriptingObjects (0ms)
			CreateAndSetChildDomain (73ms)
		EndReloadAssembly (1764ms)
			LoadAssemblies (79ms)
			RebuildTransferFunctionScriptingTraits (0ms)
			SetupTypeCache (465ms)
			ReleaseScriptCaches (2ms)
			RebuildScriptCaches (78ms)
			SetupLoadedEditorAssemblies (905ms)
				LogAssemblyErrors (0ms)
				InitializePlatformSupportModulesInManaged (6ms)
				SetLoadedEditorAssemblies (1ms)
				RefreshPlugins (1ms)
				BeforeProcessingInitializeOnLoad (152ms)
				ProcessInitializeOnLoadAttributes (734ms)
				ProcessInitializeOnLoadMethodAttributes (10ms)
				AfterProcessingInitializeOnLoad (1ms)
				EditorAssembliesLoaded (0ms)
			ExecutionOrderSort2 (0ms)
			AwakeInstancesAfterBackupRestoration (13ms)
Platform modules already initialized, skipping
Refreshing native plugins compatible for Editor in 0.74 ms, found 2 plugins.
Preloading 0 native plugins for Editor in 0.00 ms.
Unloading 3911 Unused Serialized files (Serialized files now loaded: 0)
System memory in use before: 365.6 MB.
System memory in use after: 364.2 MB.

Unloading 38 unused Assets to reduce memory usage. Loaded Objects now: 4576.
Total: 4.655173 ms (FindLiveObjects: 0.331008 ms CreateObjectMapping: 0.252869 ms MarkObjects: 3.106750 ms  DeleteObjects: 0.963804 ms)

AssetImportParameters requested are different than current active one (requested -> active):
  custom:video-decoder-ogg-theora: a1e56fd34408186e4bbccfd4996cb3dc -> 
  custom:container-muxer-webm: aa71ff27fc2769a1b78a27578f13a17b -> 
  custom:container-demuxer-webm: 4f35f7cbe854078d1ac9338744f61a02 -> 
  custom:container-demuxer-ogg: 62fdf1f143b41e24485cea50d1cbac27 -> 
  custom:video-encoder-webm-vp8: eb34c28f22e8b96e1ab97ce403110664 -> 
  custom:framework-osx-AVFoundation: b23960f63f64bdc6ff669e2cdcee2391 -> 
  custom:video-decoder-webm-vp8: 9c59270c3fd7afecdb556c50c9e8de78 -> 
  custom:audio-decoder-ogg-vorbis: bf7c407c2cedff20999df2af8eb42d56 -> 
  custom:audio-encoder-webm-vorbis: bf7c407c2cedff20999df2af8eb42d56 -> 
========================================================================
Received Import Request.
  Time since last request: 330.316310 seconds.
  path: Assets/Environment/Prefabs/crown.prefab
  artifactKey: Guid(de43838d5207049038165572748bf7fd) Importer(815301076,1909f56bfc062723c751e8b465ee728b)
Start importing Assets/Environment/Prefabs/crown.prefab using Guid(de43838d5207049038165572748bf7fd) Importer(815301076,1909f56bfc062723c751e8b465ee728b)  -> (artifact id: '8c713ff5a3100cb9ad1c1a5a24ee3214') in 0.040247 seconds 
========================================================================
Received Import Request.
  Time since last request: 99.226383 seconds.
  path: Assets/Environment/Prefabs/olivewearth.prefab
  artifactKey: Guid(3061a323876ec4beca156ecbcbc8ae62) Importer(815301076,1909f56bfc062723c751e8b465ee728b)
Start importing Assets/Environment/Prefabs/olivewearth.prefab using Guid(3061a323876ec4beca156ecbcbc8ae62) Importer(815301076,1909f56bfc062723c751e8b465ee728b)  -> (artifact id: '42fb728c7a8b8452512030dc91c5118e') in 0.008803 seconds 
========================================================================
Received Import Request.
  Time since last request: 102.238618 seconds.
  path: Assets/Environment/Prefabs/hammer.prefab
  artifactKey: Guid(d7bda8cd491a34190b496e6c1195e813) Importer(815301076,1909f56bfc062723c751e8b465ee728b)
Start importing Assets/Environment/Prefabs/hammer.prefab using Guid(d7bda8cd491a34190b496e6c1195e813) Importer(815301076,1909f56bfc062723c751e8b465ee728b)  -> (artifact id: '4881f44aad0b3260d0069440863aa41b') in 0.009653 seconds 
========================================================================
Received Prepare
Registering precompiled user dll's ...
Registered in 0.002383 seconds.
Begin MonoManager ReloadAssembly
Native extension for WindowsStandalone target not found
Native extension for OSXStandalone target not found
Native extension for WebGL target not found
Refreshing native plugins compatible for Editor in 0.75 ms, found 2 plugins.
Preloading 0 native plugins for Editor in 0.00 ms.
CreateSerializedAsset is not supported while importing out-of-process
UnityEngine.StackTraceUtility:ExtractStackTrace () (at /Users/bokken/buildslave/unity/build/Runtime/Export/Scripting/StackTrace.cs:37)
AC.ACEditorPrefs:GetOrCreateSettings () (at Assets/AdventureCreator/Scripts/Managers/ACEditorPrefs.cs:96)
AC.ACEditorPrefs:get_DisableInstaller () (at Assets/AdventureCreator/Scripts/Managers/ACEditorPrefs.cs:334)
AC.ACInstaller:IsInstalled () (at Assets/AdventureCreator/Scripts/Managers/Editor/ACInstaller.cs:37)
AC.ACInstaller:CheckInstall () (at Assets/AdventureCreator/Scripts/Managers/Editor/ACInstaller.cs:52)
AC.ACInstaller:.cctor () (at Assets/AdventureCreator/Scripts/Managers/Editor/ACInstaller.cs:31)
System.Runtime.CompilerServices.RuntimeHelpers:RunClassConstructor (System.RuntimeTypeHandle)
UnityEditor.EditorAssemblies:ProcessInitializeOnLoadAttributes (System.Type[]) (at /Users/bokken/buildslave/unity/build/Editor/Mono/EditorAssemblies.cs:134)

[Assets/AdventureCreator/Scripts/Managers/ACEditorPrefs.cs line 96]

UnityEngine.UnityException: Creating asset at path Assets/AdventureCreator/Editor/ACEditorPrefs.asset failed.
  at (wrapper managed-to-native) UnityEditor.AssetDatabase.CreateAsset(UnityEngine.Object,string)
  at AC.ACEditorPrefs.GetOrCreateSettings () [0x00115] in /Users/annagouliou/Desktop/TempleOfGods/TempleOfGods/Temple Of Gods/Assets/AdventureCreator/Scripts/Managers/ACEditorPrefs.cs:96 
  at AC.ACEditorPrefs.get_DisableInstaller () [0x00000] in /Users/annagouliou/Desktop/TempleOfGods/TempleOfGods/Temple Of Gods/Assets/AdventureCreator/Scripts/Managers/ACEditorPrefs.cs:334 
  at AC.ACInstaller.IsInstalled () [0x00000] in /Users/annagouliou/Desktop/TempleOfGods/TempleOfGods/Temple Of Gods/Assets/AdventureCreator/Scripts/Managers/Editor/ACInstaller.cs:37 
  at AC.ACInstaller.CheckInstall () [0x00000] in /Users/annagouliou/Desktop/TempleOfGods/TempleOfGods/Temple Of Gods/Assets/AdventureCreator/Scripts/Managers/Editor/ACInstaller.cs:52 
  at AC.ACInstaller..cctor () [0x00000] in /Users/annagouliou/Desktop/TempleOfGods/TempleOfGods/Temple Of Gods/Assets/AdventureCreator/Scripts/Managers/Editor/ACInstaller.cs:31 
UnityEngine.StackTraceUtility:ExtractStackTrace () (at /Users/bokken/buildslave/unity/build/Runtime/Export/Scripting/StackTrace.cs:37)
UnityEngine.DebugLogHandler:LogFormat (UnityEngine.LogType,UnityEngine.Object,string,object[])
UnityEngine.Logger:Log (UnityEngine.LogType,object)
UnityEngine.Debug:LogError (object)
UnityEditor.EditorAssemblies:ProcessInitializeOnLoadAttributes (System.Type[]) (at /Users/bokken/buildslave/unity/build/Editor/Mono/EditorAssemblies.cs:138)

(Filename: /Users/bokken/buildslave/unity/build/Editor/Mono/EditorAssemblies.cs Line: 138)

Mono: successfully reloaded assembly
- Completed reload, in  1.936 seconds
Domain Reload Profiling:
	ReloadAssembly (1936ms)
		BeginReloadAssembly (134ms)
			ExecutionOrderSort (0ms)
			DisableScriptedObjects (5ms)
			BackupInstance (0ms)
			ReleaseScriptingObjects (0ms)
			CreateAndSetChildDomain (78ms)
		EndReloadAssembly (1727ms)
			LoadAssemblies (77ms)
			RebuildTransferFunctionScriptingTraits (0ms)
			SetupTypeCache (456ms)
			ReleaseScriptCaches (1ms)
			RebuildScriptCaches (70ms)
			SetupLoadedEditorAssemblies (895ms)
				LogAssemblyErrors (0ms)
				InitializePlatformSupportModulesInManaged (5ms)
				SetLoadedEditorAssemblies (1ms)
				RefreshPlugins (1ms)
				BeforeProcessingInitializeOnLoad (138ms)
				ProcessInitializeOnLoadAttributes (739ms)
				ProcessInitializeOnLoadMethodAttributes (10ms)
				AfterProcessingInitializeOnLoad (1ms)
				EditorAssembliesLoaded (0ms)
			ExecutionOrderSort2 (0ms)
			AwakeInstancesAfterBackupRestoration (12ms)
Platform modules already initialized, skipping
Refreshing native plugins compatible for Editor in 0.75 ms, found 2 plugins.
Preloading 0 native plugins for Editor in 0.00 ms.
Unloading 3911 Unused Serialized files (Serialized files now loaded: 0)
System memory in use before: 365.9 MB.
System memory in use after: 364.5 MB.

Unloading 38 unused Assets to reduce memory usage. Loaded Objects now: 4580.
Total: 6.513554 ms (FindLiveObjects: 0.264619 ms CreateObjectMapping: 0.398100 ms MarkObjects: 4.520022 ms  DeleteObjects: 1.329910 ms)

AssetImportParameters requested are different than current active one (requested -> active):
  custom:video-decoder-ogg-theora: a1e56fd34408186e4bbccfd4996cb3dc -> 
  custom:container-muxer-webm: aa71ff27fc2769a1b78a27578f13a17b -> 
  custom:container-demuxer-webm: 4f35f7cbe854078d1ac9338744f61a02 -> 
  custom:container-demuxer-ogg: 62fdf1f143b41e24485cea50d1cbac27 -> 
  custom:video-encoder-webm-vp8: eb34c28f22e8b96e1ab97ce403110664 -> 
  custom:framework-osx-AVFoundation: b23960f63f64bdc6ff669e2cdcee2391 -> 
  custom:video-decoder-webm-vp8: 9c59270c3fd7afecdb556c50c9e8de78 -> 
  custom:audio-decoder-ogg-vorbis: bf7c407c2cedff20999df2af8eb42d56 -> 
  custom:audio-encoder-webm-vorbis: bf7c407c2cedff20999df2af8eb42d56 -> 
========================================================================
Received Import Request.
  Time since last request: 193.958432 seconds.
  path: Assets/Environment/Prefabs/grape.prefab
  artifactKey: Guid(10b592c2484fd42cd90b6aff5a0e25b7) Importer(815301076,1909f56bfc062723c751e8b465ee728b)
Start importing Assets/Environment/Prefabs/grape.prefab using Guid(10b592c2484fd42cd90b6aff5a0e25b7) Importer(815301076,1909f56bfc062723c751e8b465ee728b)  -> (artifact id: '31798c33679d0abeac45a4206e1cc12f') in 0.040447 seconds 
========================================================================
Received Import Request.
  Time since last request: 85.606439 seconds.
  path: Assets/Environment/Prefabs/harp.prefab
  artifactKey: Guid(dd04576585c7042168d0cd2afbb07f3e) Importer(815301076,1909f56bfc062723c751e8b465ee728b)
Start importing Assets/Environment/Prefabs/harp.prefab using Guid(dd04576585c7042168d0cd2afbb07f3e) Importer(815301076,1909f56bfc062723c751e8b465ee728b)  -> (artifact id: '06afb076dd982233708363a120364a7d') in 0.008939 seconds 
========================================================================
Received Import Request.
  Time since last request: 54.802978 seconds.
  path: Assets/Environment/Prefabs/sword.prefab
  artifactKey: Guid(b454a6de0e0ce4cee8c377aed40bc725) Importer(815301076,1909f56bfc062723c751e8b465ee728b)
Start importing Assets/Environment/Prefabs/sword.prefab using Guid(b454a6de0e0ce4cee8c377aed40bc725) Importer(815301076,1909f56bfc062723c751e8b465ee728b)  -> (artifact id: '9d556047bc25e601212c960d88aeae70') in 0.008483 seconds 
========================================================================
Received Import Request.
  Time since last request: 156.885025 seconds.
  path: Assets/Environment/Prefabs/arrow.prefab
  artifactKey: Guid(86948c1639dec4fd68194484a9e3511d) Importer(815301076,1909f56bfc062723c751e8b465ee728b)
Start importing Assets/Environment/Prefabs/arrow.prefab using Guid(86948c1639dec4fd68194484a9e3511d) Importer(815301076,1909f56bfc062723c751e8b465ee728b)  -> (artifact id: '6d24236b937ee68eed47554d19258909') in 0.008444 seconds 
========================================================================
Received Import Request.
  Time since last request: 72.930943 seconds.
  path: Assets/Environment/Prefabs/trident.prefab
  artifactKey: Guid(1459b17beb05a41f4957d2b9c07a3b5a) Importer(815301076,1909f56bfc062723c751e8b465ee728b)
Start importing Assets/Environment/Prefabs/trident.prefab using Guid(1459b17beb05a41f4957d2b9c07a3b5a) Importer(815301076,1909f56bfc062723c751e8b465ee728b)  -> (artifact id: 'f0f7946cc2646db8a928c1a763422f09') in 0.009543 seconds 
========================================================================
Received Import Request.
  Time since last request: 24.918780 seconds.
  path: Assets/Environment/Prefabs/strike.prefab
  artifactKey: Guid(c207827db595f4a70af6cf63a1dffca4) Importer(815301076,1909f56bfc062723c751e8b465ee728b)
Start importing Assets/Environment/Prefabs/strike.prefab using Guid(c207827db595f4a70af6cf63a1dffca4) Importer(815301076,1909f56bfc062723c751e8b465ee728b)  -> (artifact id: '863b738e23af72d5bd63c7a176c706d5') in 0.009820 seconds 
========================================================================
Received Import Request.
  Time since last request: 95.470034 seconds.
  path: Assets/Environment/Prefabs/wheat.prefab
  artifactKey: Guid(422aabf06f4ca4608ae9a247f5bcff59) Importer(815301076,1909f56bfc062723c751e8b465ee728b)
Start importing Assets/Environment/Prefabs/wheat.prefab using Guid(422aabf06f4ca4608ae9a247f5bcff59) Importer(815301076,1909f56bfc062723c751e8b465ee728b)  -> (artifact id: 'acd20ca8a19c1848d29c7eb7298d1f8c') in 0.009392 seconds 
========================================================================
Received Prepare
Registering precompiled user dll's ...
Registered in 0.001857 seconds.
Begin MonoManager ReloadAssembly
Native extension for WindowsStandalone target not found
Native extension for OSXStandalone target not found
Native extension for WebGL target not found
Refreshing native plugins compatible for Editor in 0.73 ms, found 2 plugins.
Preloading 0 native plugins for Editor in 0.00 ms.
CreateSerializedAsset is not supported while importing out-of-process
UnityEngine.StackTraceUtility:ExtractStackTrace () (at /Users/bokken/buildslave/unity/build/Runtime/Export/Scripting/StackTrace.cs:37)
AC.ACEditorPrefs:GetOrCreateSettings () (at Assets/AdventureCreator/Scripts/Managers/ACEditorPrefs.cs:96)
AC.ACEditorPrefs:get_DisableInstaller () (at Assets/AdventureCreator/Scripts/Managers/ACEditorPrefs.cs:334)
AC.ACInstaller:IsInstalled () (at Assets/AdventureCreator/Scripts/Managers/Editor/ACInstaller.cs:37)
AC.ACInstaller:CheckInstall () (at Assets/AdventureCreator/Scripts/Managers/Editor/ACInstaller.cs:52)
AC.ACInstaller:.cctor () (at Assets/AdventureCreator/Scripts/Managers/Editor/ACInstaller.cs:31)
System.Runtime.CompilerServices.RuntimeHelpers:RunClassConstructor (System.RuntimeTypeHandle)
UnityEditor.EditorAssemblies:ProcessInitializeOnLoadAttributes (System.Type[]) (at /Users/bokken/buildslave/unity/build/Editor/Mono/EditorAssemblies.cs:134)

[Assets/AdventureCreator/Scripts/Managers/ACEditorPrefs.cs line 96]

UnityEngine.UnityException: Creating asset at path Assets/AdventureCreator/Editor/ACEditorPrefs.asset failed.
  at (wrapper managed-to-native) UnityEditor.AssetDatabase.CreateAsset(UnityEngine.Object,string)
  at AC.ACEditorPrefs.GetOrCreateSettings () [0x00115] in /Users/annagouliou/Desktop/TempleOfGods/TempleOfGods/Temple Of Gods/Assets/AdventureCreator/Scripts/Managers/ACEditorPrefs.cs:96 
  at AC.ACEditorPrefs.get_DisableInstaller () [0x00000] in /Users/annagouliou/Desktop/TempleOfGods/TempleOfGods/Temple Of Gods/Assets/AdventureCreator/Scripts/Managers/ACEditorPrefs.cs:334 
  at AC.ACInstaller.IsInstalled () [0x00000] in /Users/annagouliou/Desktop/TempleOfGods/TempleOfGods/Temple Of Gods/Assets/AdventureCreator/Scripts/Managers/Editor/ACInstaller.cs:37 
  at AC.ACInstaller.CheckInstall () [0x00000] in /Users/annagouliou/Desktop/TempleOfGods/TempleOfGods/Temple Of Gods/Assets/AdventureCreator/Scripts/Managers/Editor/ACInstaller.cs:52 
  at AC.ACInstaller..cctor () [0x00000] in /Users/annagouliou/Desktop/TempleOfGods/TempleOfGods/Temple Of Gods/Assets/AdventureCreator/Scripts/Managers/Editor/ACInstaller.cs:31 
UnityEngine.StackTraceUtility:ExtractStackTrace () (at /Users/bokken/buildslave/unity/build/Runtime/Export/Scripting/StackTrace.cs:37)
UnityEngine.DebugLogHandler:LogFormat (UnityEngine.LogType,UnityEngine.Object,string,object[])
UnityEngine.Logger:Log (UnityEngine.LogType,object)
UnityEngine.Debug:LogError (object)
UnityEditor.EditorAssemblies:ProcessInitializeOnLoadAttributes (System.Type[]) (at /Users/bokken/buildslave/unity/build/Editor/Mono/EditorAssemblies.cs:138)

(Filename: /Users/bokken/buildslave/unity/build/Editor/Mono/EditorAssemblies.cs Line: 138)

Mono: successfully reloaded assembly
- Completed reload, in  1.864 seconds
Domain Reload Profiling:
	ReloadAssembly (1864ms)
		BeginReloadAssembly (131ms)
			ExecutionOrderSort (0ms)
			DisableScriptedObjects (5ms)
			BackupInstance (0ms)
			ReleaseScriptingObjects (0ms)
			CreateAndSetChildDomain (76ms)
		EndReloadAssembly (1657ms)
			LoadAssemblies (77ms)
			RebuildTransferFunctionScriptingTraits (0ms)
			SetupTypeCache (456ms)
			ReleaseScriptCaches (1ms)
			RebuildScriptCaches (71ms)
			SetupLoadedEditorAssemblies (834ms)
				LogAssemblyErrors (0ms)
				InitializePlatformSupportModulesInManaged (5ms)
				SetLoadedEditorAssemblies (1ms)
				RefreshPlugins (1ms)
				BeforeProcessingInitializeOnLoad (140ms)
				ProcessInitializeOnLoadAttributes (678ms)
				ProcessInitializeOnLoadMethodAttributes (9ms)
				AfterProcessingInitializeOnLoad (1ms)
				EditorAssembliesLoaded (0ms)
			ExecutionOrderSort2 (0ms)
			AwakeInstancesAfterBackupRestoration (11ms)
Platform modules already initialized, skipping
Refreshing native plugins compatible for Editor in 0.81 ms, found 2 plugins.
Preloading 0 native plugins for Editor in 0.00 ms.
Unloading 3911 Unused Serialized files (Serialized files now loaded: 0)
System memory in use before: 366.1 MB.
System memory in use after: 364.8 MB.

Unloading 38 unused Assets to reduce memory usage. Loaded Objects now: 4584.
Total: 5.991277 ms (FindLiveObjects: 0.329343 ms CreateObjectMapping: 0.353253 ms MarkObjects: 4.118375 ms  DeleteObjects: 1.189251 ms)

AssetImportParameters requested are different than current active one (requested -> active):
  custom:video-decoder-ogg-theora: a1e56fd34408186e4bbccfd4996cb3dc -> 
  custom:container-muxer-webm: aa71ff27fc2769a1b78a27578f13a17b -> 
  custom:container-demuxer-webm: 4f35f7cbe854078d1ac9338744f61a02 -> 
  custom:container-demuxer-ogg: 62fdf1f143b41e24485cea50d1cbac27 -> 
  custom:video-encoder-webm-vp8: eb34c28f22e8b96e1ab97ce403110664 -> 
  custom:framework-osx-AVFoundation: b23960f63f64bdc6ff669e2cdcee2391 -> 
  custom:video-decoder-webm-vp8: 9c59270c3fd7afecdb556c50c9e8de78 -> 
  custom:audio-decoder-ogg-vorbis: bf7c407c2cedff20999df2af8eb42d56 -> 
  custom:audio-encoder-webm-vorbis: bf7c407c2cedff20999df2af8eb42d56 -> 
