Unity Editor version:    2020.3.32f1 (12f8b0834f07)
Branch:                  2020.3/staging
Build type:              Release
Batch mode:              YES
macOS version:           Version 10.13.6 (Build 17G66)
Darwin version:          17.7.0
Architecture:            x86_64
Running under Rosetta:   NO
Available memory:        32768 MB
Using pre-set license
Pro License: NO

COMMAND LINE ARGUMENTS:
/Applications/Unity/Unity.app/Contents/MacOS/Unity
-adb2
-batchMode
-noUpm
-name
AssetImportWorker1
-projectPath
/Users/annagouliou/Desktop/TempleOfGods/TempleOfGods/Temple Of Gods
-logFile
Logs/AssetImportWorker1.log
-srvPort
57918
Successfully changed project path to: /Users/annagouliou/Desktop/TempleOfGods/TempleOfGods/Temple Of Gods
/Users/annagouliou/Desktop/TempleOfGods/TempleOfGods/Temple Of Gods
Using Asset Import Pipeline V2.
Refreshing native plugins compatible for Editor in 98.94 ms, found 2 plugins.
Preloading 0 native plugins for Editor in 0.00 ms.
Initialize engine version: 2020.3.32f1 (12f8b0834f07)
[Subsystems] Discovering subsystems at path /Applications/Unity/Unity.app/Contents/Resources/UnitySubsystems
[Subsystems] Discovering subsystems at path /Users/annagouliou/Desktop/TempleOfGods/TempleOfGods/Temple Of Gods/Assets
GfxDevice: creating device client; threaded=0
2022-12-01 19:31:49.926 Unity[87414:52603633] iMac preferred device: AMD Radeon Pro 560 (high power)
2022-12-01 19:31:49.926 Unity[87414:52603633] Metal devices available: 1
2022-12-01 19:31:49.926 Unity[87414:52603633] 0: AMD Radeon Pro 560 (high power)
2022-12-01 19:31:49.927 Unity[87414:52603633] Using device AMD Radeon Pro 560 (high power)
Initializing Metal device caps: AMD Radeon Pro 560
Initialize mono
Mono path[0] = '/Applications/Unity/Unity.app/Contents/Managed'
Mono path[1] = '/Applications/Unity/Unity.app/Contents/MonoBleedingEdge/lib/mono/unityjit'
Mono config path = '/Applications/Unity/Unity.app/Contents/MonoBleedingEdge/etc'
Using monoOptions --debugger-agent=transport=dt_socket,embedding=1,server=y,suspend=n,address=127.0.0.1:56414
Begin MonoManager ReloadAssembly
Registering precompiled unity dll's ...
Register platform support module: /Applications/Unity/PlaybackEngines/WebGLSupport/UnityEditor.WebGL.Extensions.dll
Register platform support module: /Applications/Unity/Unity.app/Contents/PlaybackEngines/MacStandaloneSupport/UnityEditor.OSXStandalone.Extensions.dll
Register platform support module: /Applications/Unity/PlaybackEngines/WindowsStandaloneSupport/UnityEditor.WindowsStandalone.Extensions.dll
Registered in 0.000680 seconds.
Native extension for WindowsStandalone target not found
Native extension for OSXStandalone target not found
Native extension for WebGL target not found
Refreshing native plugins compatible for Editor in 104.09 ms, found 2 plugins.
Preloading 0 native plugins for Editor in 0.00 ms.
Mono: successfully reloaded assembly
- Completed reload, in  0.817 seconds
Domain Reload Profiling:
	ReloadAssembly (817ms)
		BeginReloadAssembly (51ms)
			ExecutionOrderSort (0ms)
			DisableScriptedObjects (0ms)
			BackupInstance (0ms)
			ReleaseScriptingObjects (0ms)
			CreateAndSetChildDomain (1ms)
		EndReloadAssembly (669ms)
			LoadAssemblies (50ms)
			RebuildTransferFunctionScriptingTraits (0ms)
			SetupTypeCache (230ms)
			ReleaseScriptCaches (0ms)
			RebuildScriptCaches (50ms)
			SetupLoadedEditorAssemblies (281ms)
				LogAssemblyErrors (0ms)
				InitializePlatformSupportModulesInManaged (7ms)
				SetLoadedEditorAssemblies (0ms)
				RefreshPlugins (104ms)
				BeforeProcessingInitializeOnLoad (9ms)
				ProcessInitializeOnLoadAttributes (127ms)
				ProcessInitializeOnLoadMethodAttributes (33ms)
				AfterProcessingInitializeOnLoad (0ms)
				EditorAssembliesLoaded (0ms)
			ExecutionOrderSort2 (0ms)
			AwakeInstancesAfterBackupRestoration (0ms)
Platform modules already initialized, skipping
Registering precompiled user dll's ...
Registered in 0.001964 seconds.
Begin MonoManager ReloadAssembly
Native extension for WindowsStandalone target not found
Native extension for OSXStandalone target not found
Native extension for WebGL target not found
Refreshing native plugins compatible for Editor in 106.21 ms, found 2 plugins.
Preloading 0 native plugins for Editor in 0.00 ms.
Mono: successfully reloaded assembly
- Completed reload, in  2.219 seconds
Domain Reload Profiling:
	ReloadAssembly (2219ms)
		BeginReloadAssembly (167ms)
			ExecutionOrderSort (0ms)
			DisableScriptedObjects (5ms)
			BackupInstance (0ms)
			ReleaseScriptingObjects (0ms)
			CreateAndSetChildDomain (34ms)
		EndReloadAssembly (1973ms)
			LoadAssemblies (79ms)
			RebuildTransferFunctionScriptingTraits (0ms)
			SetupTypeCache (502ms)
			ReleaseScriptCaches (1ms)
			RebuildScriptCaches (117ms)
			SetupLoadedEditorAssemblies (1107ms)
				LogAssemblyErrors (0ms)
				InitializePlatformSupportModulesInManaged (6ms)
				SetLoadedEditorAssemblies (0ms)
				RefreshPlugins (106ms)
				BeforeProcessingInitializeOnLoad (108ms)
				ProcessInitializeOnLoadAttributes (873ms)
				ProcessInitializeOnLoadMethodAttributes (12ms)
				AfterProcessingInitializeOnLoad (1ms)
				EditorAssembliesLoaded (1ms)
			ExecutionOrderSort2 (0ms)
			AwakeInstancesAfterBackupRestoration (10ms)
Platform modules already initialized, skipping
Validating Project structure ... 0.023091 seconds.
Shader import version has changed; will reimport all shaders...
Upgrading shader files ...0.024979 seconds.
Application.AssetDatabase Initial Script Refresh Start
RefreshInfo: InitialScriptRefreshV2(NoUpdateAssetOptions) scanfilter:  ... 1 filters
RefreshProfiler: Total: 0.000ms
Application.AssetDatabase Initial Script Refresh End
Application.AssetDatabase.Refresh Start
Application.AssetDatabase.Refresh End
RefreshInfo: StopAssetImportingV2(ForceSynchronousImport) scanfilter: 
RefreshProfiler: Total: 0.000ms
Launching external process: /Applications/Unity/Unity.app/Contents/Tools/UnityShaderCompiler
Launched and connected shader compiler UnityShaderCompiler after 0.01 seconds
Initializing Unity extensions:
========================================================================
Worker process is ready to serve import requests
Refreshing native plugins compatible for Editor in 0.73 ms, found 2 plugins.
Preloading 0 native plugins for Editor in 0.00 ms.
Unloading 4071 Unused Serialized files (Serialized files now loaded: 0)
System memory in use before: 359.0 MB.
System memory in use after: 356.6 MB.

Unloading 374 unused Assets to reduce memory usage. Loaded Objects now: 4540.
Total: 5.014651 ms (FindLiveObjects: 0.291600 ms CreateObjectMapping: 0.202342 ms MarkObjects: 3.347568 ms  DeleteObjects: 1.172206 ms)

AssetImportParameters requested are different than current active one (requested -> active):
  custom:video-decoder-ogg-theora: a1e56fd34408186e4bbccfd4996cb3dc -> 
  custom:container-muxer-webm: aa71ff27fc2769a1b78a27578f13a17b -> 
  custom:container-demuxer-webm: 4f35f7cbe854078d1ac9338744f61a02 -> 
  custom:container-demuxer-ogg: 62fdf1f143b41e24485cea50d1cbac27 -> 
  custom:video-encoder-webm-vp8: eb34c28f22e8b96e1ab97ce403110664 -> 
  custom:framework-osx-AVFoundation: b23960f63f64bdc6ff669e2cdcee2391 -> 
  custom:video-decoder-webm-vp8: 9c59270c3fd7afecdb556c50c9e8de78 -> 
  custom:audio-decoder-ogg-vorbis: bf7c407c2cedff20999df2af8eb42d56 -> 
  custom:audio-encoder-webm-vorbis: bf7c407c2cedff20999df2af8eb42d56 -> 
========================================================================
Received Import Request.
  path: Assets/Scripts/PickitUp.cs
  artifactKey: Guid(6ef27ecdfd42e4bf080c19ff0c27687a) Importer(815301076,1909f56bfc062723c751e8b465ee728b)
Start importing Assets/Scripts/PickitUp.cs using Guid(6ef27ecdfd42e4bf080c19ff0c27687a) Importer(815301076,1909f56bfc062723c751e8b465ee728b)  -> (artifact id: '45b3b6fca31b1b14aa15bdcc66a3f23c') in 0.052031 seconds 
========================================================================
Received Prepare
Registering precompiled user dll's ...
Registered in 0.001900 seconds.
Begin MonoManager ReloadAssembly
Native extension for WindowsStandalone target not found
Native extension for OSXStandalone target not found
Native extension for WebGL target not found
Refreshing native plugins compatible for Editor in 0.75 ms, found 2 plugins.
Preloading 0 native plugins for Editor in 0.00 ms.
CreateSerializedAsset is not supported while importing out-of-process
UnityEngine.StackTraceUtility:ExtractStackTrace () (at /Users/bokken/buildslave/unity/build/Runtime/Export/Scripting/StackTrace.cs:37)
AC.ACEditorPrefs:GetOrCreateSettings () (at Assets/AdventureCreator/Scripts/Managers/ACEditorPrefs.cs:96)
AC.ACEditorPrefs:get_DisableInstaller () (at Assets/AdventureCreator/Scripts/Managers/ACEditorPrefs.cs:334)
AC.ACInstaller:IsInstalled () (at Assets/AdventureCreator/Scripts/Managers/Editor/ACInstaller.cs:37)
AC.ACInstaller:CheckInstall () (at Assets/AdventureCreator/Scripts/Managers/Editor/ACInstaller.cs:52)
AC.ACInstaller:.cctor () (at Assets/AdventureCreator/Scripts/Managers/Editor/ACInstaller.cs:31)
System.Runtime.CompilerServices.RuntimeHelpers:RunClassConstructor (System.RuntimeTypeHandle)
UnityEditor.EditorAssemblies:ProcessInitializeOnLoadAttributes (System.Type[]) (at /Users/bokken/buildslave/unity/build/Editor/Mono/EditorAssemblies.cs:134)

[Assets/AdventureCreator/Scripts/Managers/ACEditorPrefs.cs line 96]

UnityEngine.UnityException: Creating asset at path Assets/AdventureCreator/Editor/ACEditorPrefs.asset failed.
  at (wrapper managed-to-native) UnityEditor.AssetDatabase.CreateAsset(UnityEngine.Object,string)
  at AC.ACEditorPrefs.GetOrCreateSettings () [0x00115] in /Users/annagouliou/Desktop/TempleOfGods/TempleOfGods/Temple Of Gods/Assets/AdventureCreator/Scripts/Managers/ACEditorPrefs.cs:96 
  at AC.ACEditorPrefs.get_DisableInstaller () [0x00000] in /Users/annagouliou/Desktop/TempleOfGods/TempleOfGods/Temple Of Gods/Assets/AdventureCreator/Scripts/Managers/ACEditorPrefs.cs:334 
  at AC.ACInstaller.IsInstalled () [0x00000] in /Users/annagouliou/Desktop/TempleOfGods/TempleOfGods/Temple Of Gods/Assets/AdventureCreator/Scripts/Managers/Editor/ACInstaller.cs:37 
  at AC.ACInstaller.CheckInstall () [0x00000] in /Users/annagouliou/Desktop/TempleOfGods/TempleOfGods/Temple Of Gods/Assets/AdventureCreator/Scripts/Managers/Editor/ACInstaller.cs:52 
  at AC.ACInstaller..cctor () [0x00000] in /Users/annagouliou/Desktop/TempleOfGods/TempleOfGods/Temple Of Gods/Assets/AdventureCreator/Scripts/Managers/Editor/ACInstaller.cs:31 
UnityEngine.StackTraceUtility:ExtractStackTrace () (at /Users/bokken/buildslave/unity/build/Runtime/Export/Scripting/StackTrace.cs:37)
UnityEngine.DebugLogHandler:LogFormat (UnityEngine.LogType,UnityEngine.Object,string,object[])
UnityEngine.Logger:Log (UnityEngine.LogType,object)
UnityEngine.Debug:LogError (object)
UnityEditor.EditorAssemblies:ProcessInitializeOnLoadAttributes (System.Type[]) (at /Users/bokken/buildslave/unity/build/Editor/Mono/EditorAssemblies.cs:138)

(Filename: /Users/bokken/buildslave/unity/build/Editor/Mono/EditorAssemblies.cs Line: 138)

Mono: successfully reloaded assembly
- Completed reload, in  1.951 seconds
Domain Reload Profiling:
	ReloadAssembly (1952ms)
		BeginReloadAssembly (134ms)
			ExecutionOrderSort (0ms)
			DisableScriptedObjects (5ms)
			BackupInstance (0ms)
			ReleaseScriptingObjects (0ms)
			CreateAndSetChildDomain (73ms)
		EndReloadAssembly (1744ms)
			LoadAssemblies (77ms)
			RebuildTransferFunctionScriptingTraits (1ms)
			SetupTypeCache (490ms)
			ReleaseScriptCaches (1ms)
			RebuildScriptCaches (73ms)
			SetupLoadedEditorAssemblies (868ms)
				LogAssemblyErrors (0ms)
				InitializePlatformSupportModulesInManaged (6ms)
				SetLoadedEditorAssemblies (1ms)
				RefreshPlugins (1ms)
				BeforeProcessingInitializeOnLoad (135ms)
				ProcessInitializeOnLoadAttributes (715ms)
				ProcessInitializeOnLoadMethodAttributes (9ms)
				AfterProcessingInitializeOnLoad (1ms)
				EditorAssembliesLoaded (0ms)
			ExecutionOrderSort2 (0ms)
			AwakeInstancesAfterBackupRestoration (12ms)
Platform modules already initialized, skipping
Refreshing native plugins compatible for Editor in 0.75 ms, found 2 plugins.
Preloading 0 native plugins for Editor in 0.00 ms.
Unloading 3920 Unused Serialized files (Serialized files now loaded: 0)
System memory in use before: 354.2 MB.
System memory in use after: 352.9 MB.

Unloading 39 unused Assets to reduce memory usage. Loaded Objects now: 4545.
Total: 5.462151 ms (FindLiveObjects: 0.338220 ms CreateObjectMapping: 0.325963 ms MarkObjects: 3.903275 ms  DeleteObjects: 0.893771 ms)

AssetImportParameters requested are different than current active one (requested -> active):
  custom:video-decoder-ogg-theora: a1e56fd34408186e4bbccfd4996cb3dc -> 
  custom:container-muxer-webm: aa71ff27fc2769a1b78a27578f13a17b -> 
  custom:container-demuxer-webm: 4f35f7cbe854078d1ac9338744f61a02 -> 
  custom:container-demuxer-ogg: 62fdf1f143b41e24485cea50d1cbac27 -> 
  custom:video-encoder-webm-vp8: eb34c28f22e8b96e1ab97ce403110664 -> 
  custom:framework-osx-AVFoundation: b23960f63f64bdc6ff669e2cdcee2391 -> 
  custom:video-decoder-webm-vp8: 9c59270c3fd7afecdb556c50c9e8de78 -> 
  custom:audio-decoder-ogg-vorbis: bf7c407c2cedff20999df2af8eb42d56 -> 
  custom:audio-encoder-webm-vorbis: bf7c407c2cedff20999df2af8eb42d56 -> 
========================================================================
Received Import Request.
  Time since last request: 189.180350 seconds.
  path: Assets/Scripts/ShowUI.cs
  artifactKey: Guid(67e2c7b773bdc42088fd4d5284315a5f) Importer(815301076,1909f56bfc062723c751e8b465ee728b)
Start importing Assets/Scripts/ShowUI.cs using Guid(67e2c7b773bdc42088fd4d5284315a5f) Importer(815301076,1909f56bfc062723c751e8b465ee728b)  -> (artifact id: '55c3a31493ce3adde510b943ebcac56b') in 0.009636 seconds 
========================================================================
Received Prepare
Registering precompiled user dll's ...
Registered in 0.001951 seconds.
Begin MonoManager ReloadAssembly
Native extension for WindowsStandalone target not found
Native extension for OSXStandalone target not found
Native extension for WebGL target not found
Refreshing native plugins compatible for Editor in 0.76 ms, found 2 plugins.
Preloading 0 native plugins for Editor in 0.00 ms.
CreateSerializedAsset is not supported while importing out-of-process
UnityEngine.StackTraceUtility:ExtractStackTrace () (at /Users/bokken/buildslave/unity/build/Runtime/Export/Scripting/StackTrace.cs:37)
AC.ACEditorPrefs:GetOrCreateSettings () (at Assets/AdventureCreator/Scripts/Managers/ACEditorPrefs.cs:96)
AC.ACEditorPrefs:get_DisableInstaller () (at Assets/AdventureCreator/Scripts/Managers/ACEditorPrefs.cs:334)
AC.ACInstaller:IsInstalled () (at Assets/AdventureCreator/Scripts/Managers/Editor/ACInstaller.cs:37)
AC.ACInstaller:CheckInstall () (at Assets/AdventureCreator/Scripts/Managers/Editor/ACInstaller.cs:52)
AC.ACInstaller:.cctor () (at Assets/AdventureCreator/Scripts/Managers/Editor/ACInstaller.cs:31)
System.Runtime.CompilerServices.RuntimeHelpers:RunClassConstructor (System.RuntimeTypeHandle)
UnityEditor.EditorAssemblies:ProcessInitializeOnLoadAttributes (System.Type[]) (at /Users/bokken/buildslave/unity/build/Editor/Mono/EditorAssemblies.cs:134)

[Assets/AdventureCreator/Scripts/Managers/ACEditorPrefs.cs line 96]

UnityEngine.UnityException: Creating asset at path Assets/AdventureCreator/Editor/ACEditorPrefs.asset failed.
  at (wrapper managed-to-native) UnityEditor.AssetDatabase.CreateAsset(UnityEngine.Object,string)
  at AC.ACEditorPrefs.GetOrCreateSettings () [0x00115] in /Users/annagouliou/Desktop/TempleOfGods/TempleOfGods/Temple Of Gods/Assets/AdventureCreator/Scripts/Managers/ACEditorPrefs.cs:96 
  at AC.ACEditorPrefs.get_DisableInstaller () [0x00000] in /Users/annagouliou/Desktop/TempleOfGods/TempleOfGods/Temple Of Gods/Assets/AdventureCreator/Scripts/Managers/ACEditorPrefs.cs:334 
  at AC.ACInstaller.IsInstalled () [0x00000] in /Users/annagouliou/Desktop/TempleOfGods/TempleOfGods/Temple Of Gods/Assets/AdventureCreator/Scripts/Managers/Editor/ACInstaller.cs:37 
  at AC.ACInstaller.CheckInstall () [0x00000] in /Users/annagouliou/Desktop/TempleOfGods/TempleOfGods/Temple Of Gods/Assets/AdventureCreator/Scripts/Managers/Editor/ACInstaller.cs:52 
  at AC.ACInstaller..cctor () [0x00000] in /Users/annagouliou/Desktop/TempleOfGods/TempleOfGods/Temple Of Gods/Assets/AdventureCreator/Scripts/Managers/Editor/ACInstaller.cs:31 
UnityEngine.StackTraceUtility:ExtractStackTrace () (at /Users/bokken/buildslave/unity/build/Runtime/Export/Scripting/StackTrace.cs:37)
UnityEngine.DebugLogHandler:LogFormat (UnityEngine.LogType,UnityEngine.Object,string,object[])
UnityEngine.Logger:Log (UnityEngine.LogType,object)
UnityEngine.Debug:LogError (object)
UnityEditor.EditorAssemblies:ProcessInitializeOnLoadAttributes (System.Type[]) (at /Users/bokken/buildslave/unity/build/Editor/Mono/EditorAssemblies.cs:138)

(Filename: /Users/bokken/buildslave/unity/build/Editor/Mono/EditorAssemblies.cs Line: 138)

Mono: successfully reloaded assembly
- Completed reload, in  1.930 seconds
Domain Reload Profiling:
	ReloadAssembly (1931ms)
		BeginReloadAssembly (128ms)
			ExecutionOrderSort (0ms)
			DisableScriptedObjects (5ms)
			BackupInstance (0ms)
			ReleaseScriptingObjects (0ms)
			CreateAndSetChildDomain (73ms)
		EndReloadAssembly (1732ms)
			LoadAssemblies (74ms)
			RebuildTransferFunctionScriptingTraits (0ms)
			SetupTypeCache (494ms)
			ReleaseScriptCaches (1ms)
			RebuildScriptCaches (76ms)
			SetupLoadedEditorAssemblies (867ms)
				LogAssemblyErrors (0ms)
				InitializePlatformSupportModulesInManaged (5ms)
				SetLoadedEditorAssemblies (1ms)
				RefreshPlugins (1ms)
				BeforeProcessingInitializeOnLoad (137ms)
				ProcessInitializeOnLoadAttributes (713ms)
				ProcessInitializeOnLoadMethodAttributes (9ms)
				AfterProcessingInitializeOnLoad (1ms)
				EditorAssembliesLoaded (0ms)
			ExecutionOrderSort2 (0ms)
			AwakeInstancesAfterBackupRestoration (12ms)
Platform modules already initialized, skipping
Refreshing native plugins compatible for Editor in 0.74 ms, found 2 plugins.
Preloading 0 native plugins for Editor in 0.00 ms.
Unloading 3920 Unused Serialized files (Serialized files now loaded: 0)
System memory in use before: 354.7 MB.
System memory in use after: 353.4 MB.

Unloading 38 unused Assets to reduce memory usage. Loaded Objects now: 4549.
Total: 5.214369 ms (FindLiveObjects: 0.289033 ms CreateObjectMapping: 0.207079 ms MarkObjects: 3.230151 ms  DeleteObjects: 1.487374 ms)

AssetImportParameters requested are different than current active one (requested -> active):
  custom:video-decoder-ogg-theora: a1e56fd34408186e4bbccfd4996cb3dc -> 
  custom:container-muxer-webm: aa71ff27fc2769a1b78a27578f13a17b -> 
  custom:container-demuxer-webm: 4f35f7cbe854078d1ac9338744f61a02 -> 
  custom:container-demuxer-ogg: 62fdf1f143b41e24485cea50d1cbac27 -> 
  custom:video-encoder-webm-vp8: eb34c28f22e8b96e1ab97ce403110664 -> 
  custom:framework-osx-AVFoundation: b23960f63f64bdc6ff669e2cdcee2391 -> 
  custom:video-decoder-webm-vp8: 9c59270c3fd7afecdb556c50c9e8de78 -> 
  custom:audio-decoder-ogg-vorbis: bf7c407c2cedff20999df2af8eb42d56 -> 
  custom:audio-encoder-webm-vorbis: bf7c407c2cedff20999df2af8eb42d56 -> 
========================================================================
Received Prepare
Registering precompiled user dll's ...
Registered in 0.002216 seconds.
Begin MonoManager ReloadAssembly
Native extension for WindowsStandalone target not found
Native extension for OSXStandalone target not found
Native extension for WebGL target not found
Refreshing native plugins compatible for Editor in 0.74 ms, found 2 plugins.
Preloading 0 native plugins for Editor in 0.00 ms.
CreateSerializedAsset is not supported while importing out-of-process
UnityEngine.StackTraceUtility:ExtractStackTrace () (at /Users/bokken/buildslave/unity/build/Runtime/Export/Scripting/StackTrace.cs:37)
AC.ACEditorPrefs:GetOrCreateSettings () (at Assets/AdventureCreator/Scripts/Managers/ACEditorPrefs.cs:96)
AC.ACEditorPrefs:get_DisableInstaller () (at Assets/AdventureCreator/Scripts/Managers/ACEditorPrefs.cs:334)
AC.ACInstaller:IsInstalled () (at Assets/AdventureCreator/Scripts/Managers/Editor/ACInstaller.cs:37)
AC.ACInstaller:CheckInstall () (at Assets/AdventureCreator/Scripts/Managers/Editor/ACInstaller.cs:52)
AC.ACInstaller:.cctor () (at Assets/AdventureCreator/Scripts/Managers/Editor/ACInstaller.cs:31)
System.Runtime.CompilerServices.RuntimeHelpers:RunClassConstructor (System.RuntimeTypeHandle)
UnityEditor.EditorAssemblies:ProcessInitializeOnLoadAttributes (System.Type[]) (at /Users/bokken/buildslave/unity/build/Editor/Mono/EditorAssemblies.cs:134)

[Assets/AdventureCreator/Scripts/Managers/ACEditorPrefs.cs line 96]

UnityEngine.UnityException: Creating asset at path Assets/AdventureCreator/Editor/ACEditorPrefs.asset failed.
  at (wrapper managed-to-native) UnityEditor.AssetDatabase.CreateAsset(UnityEngine.Object,string)
  at AC.ACEditorPrefs.GetOrCreateSettings () [0x00115] in /Users/annagouliou/Desktop/TempleOfGods/TempleOfGods/Temple Of Gods/Assets/AdventureCreator/Scripts/Managers/ACEditorPrefs.cs:96 
  at AC.ACEditorPrefs.get_DisableInstaller () [0x00000] in /Users/annagouliou/Desktop/TempleOfGods/TempleOfGods/Temple Of Gods/Assets/AdventureCreator/Scripts/Managers/ACEditorPrefs.cs:334 
  at AC.ACInstaller.IsInstalled () [0x00000] in /Users/annagouliou/Desktop/TempleOfGods/TempleOfGods/Temple Of Gods/Assets/AdventureCreator/Scripts/Managers/Editor/ACInstaller.cs:37 
  at AC.ACInstaller.CheckInstall () [0x00000] in /Users/annagouliou/Desktop/TempleOfGods/TempleOfGods/Temple Of Gods/Assets/AdventureCreator/Scripts/Managers/Editor/ACInstaller.cs:52 
  at AC.ACInstaller..cctor () [0x00000] in /Users/annagouliou/Desktop/TempleOfGods/TempleOfGods/Temple Of Gods/Assets/AdventureCreator/Scripts/Managers/Editor/ACInstaller.cs:31 
UnityEngine.StackTraceUtility:ExtractStackTrace () (at /Users/bokken/buildslave/unity/build/Runtime/Export/Scripting/StackTrace.cs:37)
UnityEngine.DebugLogHandler:LogFormat (UnityEngine.LogType,UnityEngine.Object,string,object[])
UnityEngine.Logger:Log (UnityEngine.LogType,object)
UnityEngine.Debug:LogError (object)
UnityEditor.EditorAssemblies:ProcessInitializeOnLoadAttributes (System.Type[]) (at /Users/bokken/buildslave/unity/build/Editor/Mono/EditorAssemblies.cs:138)

(Filename: /Users/bokken/buildslave/unity/build/Editor/Mono/EditorAssemblies.cs Line: 138)

Mono: successfully reloaded assembly
- Completed reload, in  2.042 seconds
Domain Reload Profiling:
	ReloadAssembly (2043ms)
		BeginReloadAssembly (131ms)
			ExecutionOrderSort (0ms)
			DisableScriptedObjects (6ms)
			BackupInstance (0ms)
			ReleaseScriptingObjects (0ms)
			CreateAndSetChildDomain (75ms)
		EndReloadAssembly (1842ms)
			LoadAssemblies (79ms)
			RebuildTransferFunctionScriptingTraits (0ms)
			SetupTypeCache (499ms)
			ReleaseScriptCaches (1ms)
			RebuildScriptCaches (72ms)
			SetupLoadedEditorAssemblies (950ms)
				LogAssemblyErrors (0ms)
				InitializePlatformSupportModulesInManaged (5ms)
				SetLoadedEditorAssemblies (1ms)
				RefreshPlugins (1ms)
				BeforeProcessingInitializeOnLoad (133ms)
				ProcessInitializeOnLoadAttributes (795ms)
				ProcessInitializeOnLoadMethodAttributes (13ms)
				AfterProcessingInitializeOnLoad (2ms)
				EditorAssembliesLoaded (0ms)
			ExecutionOrderSort2 (0ms)
			AwakeInstancesAfterBackupRestoration (15ms)
Platform modules already initialized, skipping
Refreshing native plugins compatible for Editor in 1.16 ms, found 2 plugins.
Preloading 0 native plugins for Editor in 0.00 ms.
Unloading 3920 Unused Serialized files (Serialized files now loaded: 0)
System memory in use before: 355.0 MB.
System memory in use after: 353.7 MB.

Unloading 38 unused Assets to reduce memory usage. Loaded Objects now: 4553.
Total: 4.745505 ms (FindLiveObjects: 0.300881 ms CreateObjectMapping: 0.236322 ms MarkObjects: 3.224703 ms  DeleteObjects: 0.982410 ms)

AssetImportParameters requested are different than current active one (requested -> active):
  custom:video-decoder-ogg-theora: a1e56fd34408186e4bbccfd4996cb3dc -> 
  custom:container-muxer-webm: aa71ff27fc2769a1b78a27578f13a17b -> 
  custom:container-demuxer-webm: 4f35f7cbe854078d1ac9338744f61a02 -> 
  custom:container-demuxer-ogg: 62fdf1f143b41e24485cea50d1cbac27 -> 
  custom:video-encoder-webm-vp8: eb34c28f22e8b96e1ab97ce403110664 -> 
  custom:framework-osx-AVFoundation: b23960f63f64bdc6ff669e2cdcee2391 -> 
  custom:video-decoder-webm-vp8: 9c59270c3fd7afecdb556c50c9e8de78 -> 
  custom:audio-decoder-ogg-vorbis: bf7c407c2cedff20999df2af8eb42d56 -> 
  custom:audio-encoder-webm-vorbis: bf7c407c2cedff20999df2af8eb42d56 -> 
========================================================================
Received Import Request.
  Time since last request: 1747.581980 seconds.
  path: Assets/Scripts/Territory.cs
  artifactKey: Guid(db7d62885a7bd410cbd87c6589537c9e) Importer(815301076,1909f56bfc062723c751e8b465ee728b)
Start importing Assets/Scripts/Territory.cs using Guid(db7d62885a7bd410cbd87c6589537c9e) Importer(815301076,1909f56bfc062723c751e8b465ee728b)  -> (artifact id: 'a27db752463a10cc42627798efc4b864') in 0.009790 seconds 
========================================================================
Received Prepare
Registering precompiled user dll's ...
Registered in 0.001855 seconds.
Begin MonoManager ReloadAssembly
Native extension for WindowsStandalone target not found
Native extension for OSXStandalone target not found
Native extension for WebGL target not found
Refreshing native plugins compatible for Editor in 0.74 ms, found 2 plugins.
Preloading 0 native plugins for Editor in 0.00 ms.
CreateSerializedAsset is not supported while importing out-of-process
UnityEngine.StackTraceUtility:ExtractStackTrace () (at /Users/bokken/buildslave/unity/build/Runtime/Export/Scripting/StackTrace.cs:37)
AC.ACEditorPrefs:GetOrCreateSettings () (at Assets/AdventureCreator/Scripts/Managers/ACEditorPrefs.cs:96)
AC.ACEditorPrefs:get_DisableInstaller () (at Assets/AdventureCreator/Scripts/Managers/ACEditorPrefs.cs:334)
AC.ACInstaller:IsInstalled () (at Assets/AdventureCreator/Scripts/Managers/Editor/ACInstaller.cs:37)
AC.ACInstaller:CheckInstall () (at Assets/AdventureCreator/Scripts/Managers/Editor/ACInstaller.cs:52)
AC.ACInstaller:.cctor () (at Assets/AdventureCreator/Scripts/Managers/Editor/ACInstaller.cs:31)
System.Runtime.CompilerServices.RuntimeHelpers:RunClassConstructor (System.RuntimeTypeHandle)
UnityEditor.EditorAssemblies:ProcessInitializeOnLoadAttributes (System.Type[]) (at /Users/bokken/buildslave/unity/build/Editor/Mono/EditorAssemblies.cs:134)

[Assets/AdventureCreator/Scripts/Managers/ACEditorPrefs.cs line 96]

UnityEngine.UnityException: Creating asset at path Assets/AdventureCreator/Editor/ACEditorPrefs.asset failed.
  at (wrapper managed-to-native) UnityEditor.AssetDatabase.CreateAsset(UnityEngine.Object,string)
  at AC.ACEditorPrefs.GetOrCreateSettings () [0x00115] in /Users/annagouliou/Desktop/TempleOfGods/TempleOfGods/Temple Of Gods/Assets/AdventureCreator/Scripts/Managers/ACEditorPrefs.cs:96 
  at AC.ACEditorPrefs.get_DisableInstaller () [0x00000] in /Users/annagouliou/Desktop/TempleOfGods/TempleOfGods/Temple Of Gods/Assets/AdventureCreator/Scripts/Managers/ACEditorPrefs.cs:334 
  at AC.ACInstaller.IsInstalled () [0x00000] in /Users/annagouliou/Desktop/TempleOfGods/TempleOfGods/Temple Of Gods/Assets/AdventureCreator/Scripts/Managers/Editor/ACInstaller.cs:37 
  at AC.ACInstaller.CheckInstall () [0x00000] in /Users/annagouliou/Desktop/TempleOfGods/TempleOfGods/Temple Of Gods/Assets/AdventureCreator/Scripts/Managers/Editor/ACInstaller.cs:52 
  at AC.ACInstaller..cctor () [0x00000] in /Users/annagouliou/Desktop/TempleOfGods/TempleOfGods/Temple Of Gods/Assets/AdventureCreator/Scripts/Managers/Editor/ACInstaller.cs:31 
UnityEngine.StackTraceUtility:ExtractStackTrace () (at /Users/bokken/buildslave/unity/build/Runtime/Export/Scripting/StackTrace.cs:37)
UnityEngine.DebugLogHandler:LogFormat (UnityEngine.LogType,UnityEngine.Object,string,object[])
UnityEngine.Logger:Log (UnityEngine.LogType,object)
UnityEngine.Debug:LogError (object)
UnityEditor.EditorAssemblies:ProcessInitializeOnLoadAttributes (System.Type[]) (at /Users/bokken/buildslave/unity/build/Editor/Mono/EditorAssemblies.cs:138)

(Filename: /Users/bokken/buildslave/unity/build/Editor/Mono/EditorAssemblies.cs Line: 138)

Mono: successfully reloaded assembly
- Completed reload, in  1.917 seconds
Domain Reload Profiling:
	ReloadAssembly (1917ms)
		BeginReloadAssembly (140ms)
			ExecutionOrderSort (0ms)
			DisableScriptedObjects (6ms)
			BackupInstance (0ms)
			ReleaseScriptingObjects (0ms)
			CreateAndSetChildDomain (81ms)
		EndReloadAssembly (1701ms)
			LoadAssemblies (77ms)
			RebuildTransferFunctionScriptingTraits (0ms)
			SetupTypeCache (488ms)
			ReleaseScriptCaches (1ms)
			RebuildScriptCaches (81ms)
			SetupLoadedEditorAssemblies (835ms)
				LogAssemblyErrors (0ms)
				InitializePlatformSupportModulesInManaged (5ms)
				SetLoadedEditorAssemblies (1ms)
				RefreshPlugins (1ms)
				BeforeProcessingInitializeOnLoad (138ms)
				ProcessInitializeOnLoadAttributes (680ms)
				ProcessInitializeOnLoadMethodAttributes (9ms)
				AfterProcessingInitializeOnLoad (1ms)
				EditorAssembliesLoaded (0ms)
			ExecutionOrderSort2 (0ms)
			AwakeInstancesAfterBackupRestoration (11ms)
Platform modules already initialized, skipping
Refreshing native plugins compatible for Editor in 0.85 ms, found 2 plugins.
Preloading 0 native plugins for Editor in 0.00 ms.
Unloading 3921 Unused Serialized files (Serialized files now loaded: 0)
System memory in use before: 355.4 MB.
System memory in use after: 354.0 MB.

Unloading 38 unused Assets to reduce memory usage. Loaded Objects now: 4558.
Total: 5.266922 ms (FindLiveObjects: 0.293730 ms CreateObjectMapping: 0.281374 ms MarkObjects: 3.747832 ms  DeleteObjects: 0.943144 ms)

AssetImportParameters requested are different than current active one (requested -> active):
  custom:video-decoder-ogg-theora: a1e56fd34408186e4bbccfd4996cb3dc -> 
  custom:container-muxer-webm: aa71ff27fc2769a1b78a27578f13a17b -> 
  custom:container-demuxer-webm: 4f35f7cbe854078d1ac9338744f61a02 -> 
  custom:container-demuxer-ogg: 62fdf1f143b41e24485cea50d1cbac27 -> 
  custom:video-encoder-webm-vp8: eb34c28f22e8b96e1ab97ce403110664 -> 
  custom:framework-osx-AVFoundation: b23960f63f64bdc6ff669e2cdcee2391 -> 
  custom:video-decoder-webm-vp8: 9c59270c3fd7afecdb556c50c9e8de78 -> 
  custom:audio-decoder-ogg-vorbis: bf7c407c2cedff20999df2af8eb42d56 -> 
  custom:audio-encoder-webm-vorbis: bf7c407c2cedff20999df2af8eb42d56 -> 
========================================================================
Received Prepare
Registering precompiled user dll's ...
Registered in 0.002045 seconds.
Begin MonoManager ReloadAssembly
Native extension for WindowsStandalone target not found
Native extension for OSXStandalone target not found
Native extension for WebGL target not found
Refreshing native plugins compatible for Editor in 0.74 ms, found 2 plugins.
Preloading 0 native plugins for Editor in 0.00 ms.
CreateSerializedAsset is not supported while importing out-of-process
UnityEngine.StackTraceUtility:ExtractStackTrace () (at /Users/bokken/buildslave/unity/build/Runtime/Export/Scripting/StackTrace.cs:37)
AC.ACEditorPrefs:GetOrCreateSettings () (at Assets/AdventureCreator/Scripts/Managers/ACEditorPrefs.cs:96)
AC.ACEditorPrefs:get_DisableInstaller () (at Assets/AdventureCreator/Scripts/Managers/ACEditorPrefs.cs:334)
AC.ACInstaller:IsInstalled () (at Assets/AdventureCreator/Scripts/Managers/Editor/ACInstaller.cs:37)
AC.ACInstaller:CheckInstall () (at Assets/AdventureCreator/Scripts/Managers/Editor/ACInstaller.cs:52)
AC.ACInstaller:.cctor () (at Assets/AdventureCreator/Scripts/Managers/Editor/ACInstaller.cs:31)
System.Runtime.CompilerServices.RuntimeHelpers:RunClassConstructor (System.RuntimeTypeHandle)
UnityEditor.EditorAssemblies:ProcessInitializeOnLoadAttributes (System.Type[]) (at /Users/bokken/buildslave/unity/build/Editor/Mono/EditorAssemblies.cs:134)

[Assets/AdventureCreator/Scripts/Managers/ACEditorPrefs.cs line 96]

UnityEngine.UnityException: Creating asset at path Assets/AdventureCreator/Editor/ACEditorPrefs.asset failed.
  at (wrapper managed-to-native) UnityEditor.AssetDatabase.CreateAsset(UnityEngine.Object,string)
  at AC.ACEditorPrefs.GetOrCreateSettings () [0x00115] in /Users/annagouliou/Desktop/TempleOfGods/TempleOfGods/Temple Of Gods/Assets/AdventureCreator/Scripts/Managers/ACEditorPrefs.cs:96 
  at AC.ACEditorPrefs.get_DisableInstaller () [0x00000] in /Users/annagouliou/Desktop/TempleOfGods/TempleOfGods/Temple Of Gods/Assets/AdventureCreator/Scripts/Managers/ACEditorPrefs.cs:334 
  at AC.ACInstaller.IsInstalled () [0x00000] in /Users/annagouliou/Desktop/TempleOfGods/TempleOfGods/Temple Of Gods/Assets/AdventureCreator/Scripts/Managers/Editor/ACInstaller.cs:37 
  at AC.ACInstaller.CheckInstall () [0x00000] in /Users/annagouliou/Desktop/TempleOfGods/TempleOfGods/Temple Of Gods/Assets/AdventureCreator/Scripts/Managers/Editor/ACInstaller.cs:52 
  at AC.ACInstaller..cctor () [0x00000] in /Users/annagouliou/Desktop/TempleOfGods/TempleOfGods/Temple Of Gods/Assets/AdventureCreator/Scripts/Managers/Editor/ACInstaller.cs:31 
UnityEngine.StackTraceUtility:ExtractStackTrace () (at /Users/bokken/buildslave/unity/build/Runtime/Export/Scripting/StackTrace.cs:37)
UnityEngine.DebugLogHandler:LogFormat (UnityEngine.LogType,UnityEngine.Object,string,object[])
UnityEngine.Logger:Log (UnityEngine.LogType,object)
UnityEngine.Debug:LogError (object)
UnityEditor.EditorAssemblies:ProcessInitializeOnLoadAttributes (System.Type[]) (at /Users/bokken/buildslave/unity/build/Editor/Mono/EditorAssemblies.cs:138)

(Filename: /Users/bokken/buildslave/unity/build/Editor/Mono/EditorAssemblies.cs Line: 138)

Mono: successfully reloaded assembly
- Completed reload, in  2.145 seconds
Domain Reload Profiling:
	ReloadAssembly (2146ms)
		BeginReloadAssembly (146ms)
			ExecutionOrderSort (0ms)
			DisableScriptedObjects (6ms)
			BackupInstance (0ms)
			ReleaseScriptingObjects (0ms)
			CreateAndSetChildDomain (84ms)
		EndReloadAssembly (1901ms)
			LoadAssemblies (95ms)
			RebuildTransferFunctionScriptingTraits (0ms)
			SetupTypeCache (591ms)
			ReleaseScriptCaches (2ms)
			RebuildScriptCaches (81ms)
			SetupLoadedEditorAssemblies (912ms)
				LogAssemblyErrors (0ms)
				InitializePlatformSupportModulesInManaged (5ms)
				SetLoadedEditorAssemblies (1ms)
				RefreshPlugins (1ms)
				BeforeProcessingInitializeOnLoad (142ms)
				ProcessInitializeOnLoadAttributes (753ms)
				ProcessInitializeOnLoadMethodAttributes (9ms)
				AfterProcessingInitializeOnLoad (1ms)
				EditorAssembliesLoaded (0ms)
			ExecutionOrderSort2 (0ms)
			AwakeInstancesAfterBackupRestoration (11ms)
Platform modules already initialized, skipping
Refreshing native plugins compatible for Editor in 0.84 ms, found 2 plugins.
Preloading 0 native plugins for Editor in 0.00 ms.
Unloading 3921 Unused Serialized files (Serialized files now loaded: 0)
System memory in use before: 355.7 MB.
System memory in use after: 354.3 MB.

Unloading 38 unused Assets to reduce memory usage. Loaded Objects now: 4562.
Total: 5.033164 ms (FindLiveObjects: 0.278416 ms CreateObjectMapping: 0.192449 ms MarkObjects: 3.593526 ms  DeleteObjects: 0.967714 ms)

AssetImportParameters requested are different than current active one (requested -> active):
  custom:video-decoder-ogg-theora: a1e56fd34408186e4bbccfd4996cb3dc -> 
  custom:container-muxer-webm: aa71ff27fc2769a1b78a27578f13a17b -> 
  custom:container-demuxer-webm: 4f35f7cbe854078d1ac9338744f61a02 -> 
  custom:container-demuxer-ogg: 62fdf1f143b41e24485cea50d1cbac27 -> 
  custom:video-encoder-webm-vp8: eb34c28f22e8b96e1ab97ce403110664 -> 
  custom:framework-osx-AVFoundation: b23960f63f64bdc6ff669e2cdcee2391 -> 
  custom:video-decoder-webm-vp8: 9c59270c3fd7afecdb556c50c9e8de78 -> 
  custom:audio-decoder-ogg-vorbis: bf7c407c2cedff20999df2af8eb42d56 -> 
  custom:audio-encoder-webm-vorbis: bf7c407c2cedff20999df2af8eb42d56 -> 
========================================================================
Received Import Request.
  Time since last request: 142.799351 seconds.
  path: Assets/Scripts/Territory.cs
  artifactKey: Guid(db7d62885a7bd410cbd87c6589537c9e) Importer(815301076,1909f56bfc062723c751e8b465ee728b)
Start importing Assets/Scripts/Territory.cs using Guid(db7d62885a7bd410cbd87c6589537c9e) Importer(815301076,1909f56bfc062723c751e8b465ee728b)  -> (artifact id: '2a7e664b2cf031c128757759d2ddcc76') in 0.009086 seconds 
========================================================================
Received Prepare
Registering precompiled user dll's ...
Registered in 0.002167 seconds.
Begin MonoManager ReloadAssembly
Native extension for WindowsStandalone target not found
Native extension for OSXStandalone target not found
Native extension for WebGL target not found
Refreshing native plugins compatible for Editor in 0.75 ms, found 2 plugins.
Preloading 0 native plugins for Editor in 0.00 ms.
CreateSerializedAsset is not supported while importing out-of-process
UnityEngine.StackTraceUtility:ExtractStackTrace () (at /Users/bokken/buildslave/unity/build/Runtime/Export/Scripting/StackTrace.cs:37)
AC.ACEditorPrefs:GetOrCreateSettings () (at Assets/AdventureCreator/Scripts/Managers/ACEditorPrefs.cs:96)
AC.ACEditorPrefs:get_DisableInstaller () (at Assets/AdventureCreator/Scripts/Managers/ACEditorPrefs.cs:334)
AC.ACInstaller:IsInstalled () (at Assets/AdventureCreator/Scripts/Managers/Editor/ACInstaller.cs:37)
AC.ACInstaller:CheckInstall () (at Assets/AdventureCreator/Scripts/Managers/Editor/ACInstaller.cs:52)
AC.ACInstaller:.cctor () (at Assets/AdventureCreator/Scripts/Managers/Editor/ACInstaller.cs:31)
System.Runtime.CompilerServices.RuntimeHelpers:RunClassConstructor (System.RuntimeTypeHandle)
UnityEditor.EditorAssemblies:ProcessInitializeOnLoadAttributes (System.Type[]) (at /Users/bokken/buildslave/unity/build/Editor/Mono/EditorAssemblies.cs:134)

[Assets/AdventureCreator/Scripts/Managers/ACEditorPrefs.cs line 96]

UnityEngine.UnityException: Creating asset at path Assets/AdventureCreator/Editor/ACEditorPrefs.asset failed.
  at (wrapper managed-to-native) UnityEditor.AssetDatabase.CreateAsset(UnityEngine.Object,string)
  at AC.ACEditorPrefs.GetOrCreateSettings () [0x00115] in /Users/annagouliou/Desktop/TempleOfGods/TempleOfGods/Temple Of Gods/Assets/AdventureCreator/Scripts/Managers/ACEditorPrefs.cs:96 
  at AC.ACEditorPrefs.get_DisableInstaller () [0x00000] in /Users/annagouliou/Desktop/TempleOfGods/TempleOfGods/Temple Of Gods/Assets/AdventureCreator/Scripts/Managers/ACEditorPrefs.cs:334 
  at AC.ACInstaller.IsInstalled () [0x00000] in /Users/annagouliou/Desktop/TempleOfGods/TempleOfGods/Temple Of Gods/Assets/AdventureCreator/Scripts/Managers/Editor/ACInstaller.cs:37 
  at AC.ACInstaller.CheckInstall () [0x00000] in /Users/annagouliou/Desktop/TempleOfGods/TempleOfGods/Temple Of Gods/Assets/AdventureCreator/Scripts/Managers/Editor/ACInstaller.cs:52 
  at AC.ACInstaller..cctor () [0x00000] in /Users/annagouliou/Desktop/TempleOfGods/TempleOfGods/Temple Of Gods/Assets/AdventureCreator/Scripts/Managers/Editor/ACInstaller.cs:31 
UnityEngine.StackTraceUtility:ExtractStackTrace () (at /Users/bokken/buildslave/unity/build/Runtime/Export/Scripting/StackTrace.cs:37)
UnityEngine.DebugLogHandler:LogFormat (UnityEngine.LogType,UnityEngine.Object,string,object[])
UnityEngine.Logger:Log (UnityEngine.LogType,object)
UnityEngine.Debug:LogError (object)
UnityEditor.EditorAssemblies:ProcessInitializeOnLoadAttributes (System.Type[]) (at /Users/bokken/buildslave/unity/build/Editor/Mono/EditorAssemblies.cs:138)

(Filename: /Users/bokken/buildslave/unity/build/Editor/Mono/EditorAssemblies.cs Line: 138)

Mono: successfully reloaded assembly
- Completed reload, in  1.955 seconds
Domain Reload Profiling:
	ReloadAssembly (1955ms)
		BeginReloadAssembly (137ms)
			ExecutionOrderSort (0ms)
			DisableScriptedObjects (6ms)
			BackupInstance (0ms)
			ReleaseScriptingObjects (0ms)
			CreateAndSetChildDomain (78ms)
		EndReloadAssembly (1739ms)
			LoadAssemblies (80ms)
			RebuildTransferFunctionScriptingTraits (0ms)
			SetupTypeCache (488ms)
			ReleaseScriptCaches (2ms)
			RebuildScriptCaches (72ms)
			SetupLoadedEditorAssemblies (883ms)
				LogAssemblyErrors (0ms)
				InitializePlatformSupportModulesInManaged (5ms)
				SetLoadedEditorAssemblies (1ms)
				RefreshPlugins (1ms)
				BeforeProcessingInitializeOnLoad (137ms)
				ProcessInitializeOnLoadAttributes (728ms)
				ProcessInitializeOnLoadMethodAttributes (9ms)
				AfterProcessingInitializeOnLoad (1ms)
				EditorAssembliesLoaded (0ms)
			ExecutionOrderSort2 (0ms)
			AwakeInstancesAfterBackupRestoration (11ms)
Platform modules already initialized, skipping
Refreshing native plugins compatible for Editor in 0.74 ms, found 2 plugins.
Preloading 0 native plugins for Editor in 0.00 ms.
Unloading 3921 Unused Serialized files (Serialized files now loaded: 0)
System memory in use before: 355.9 MB.
System memory in use after: 354.5 MB.

Unloading 38 unused Assets to reduce memory usage. Loaded Objects now: 4566.
Total: 4.768463 ms (FindLiveObjects: 0.284375 ms CreateObjectMapping: 0.214384 ms MarkObjects: 3.316331 ms  DeleteObjects: 0.952525 ms)

AssetImportParameters requested are different than current active one (requested -> active):
  custom:video-decoder-ogg-theora: a1e56fd34408186e4bbccfd4996cb3dc -> 
  custom:container-muxer-webm: aa71ff27fc2769a1b78a27578f13a17b -> 
  custom:container-demuxer-webm: 4f35f7cbe854078d1ac9338744f61a02 -> 
  custom:container-demuxer-ogg: 62fdf1f143b41e24485cea50d1cbac27 -> 
  custom:video-encoder-webm-vp8: eb34c28f22e8b96e1ab97ce403110664 -> 
  custom:framework-osx-AVFoundation: b23960f63f64bdc6ff669e2cdcee2391 -> 
  custom:video-decoder-webm-vp8: 9c59270c3fd7afecdb556c50c9e8de78 -> 
  custom:audio-decoder-ogg-vorbis: bf7c407c2cedff20999df2af8eb42d56 -> 
  custom:audio-encoder-webm-vorbis: bf7c407c2cedff20999df2af8eb42d56 -> 
========================================================================
Received Prepare
Registering precompiled user dll's ...
Registered in 0.002339 seconds.
Begin MonoManager ReloadAssembly
Native extension for WindowsStandalone target not found
Native extension for OSXStandalone target not found
Native extension for WebGL target not found
Refreshing native plugins compatible for Editor in 0.75 ms, found 2 plugins.
Preloading 0 native plugins for Editor in 0.00 ms.
CreateSerializedAsset is not supported while importing out-of-process
UnityEngine.StackTraceUtility:ExtractStackTrace () (at /Users/bokken/buildslave/unity/build/Runtime/Export/Scripting/StackTrace.cs:37)
AC.ACEditorPrefs:GetOrCreateSettings () (at Assets/AdventureCreator/Scripts/Managers/ACEditorPrefs.cs:96)
AC.ACEditorPrefs:get_DisableInstaller () (at Assets/AdventureCreator/Scripts/Managers/ACEditorPrefs.cs:334)
AC.ACInstaller:IsInstalled () (at Assets/AdventureCreator/Scripts/Managers/Editor/ACInstaller.cs:37)
AC.ACInstaller:CheckInstall () (at Assets/AdventureCreator/Scripts/Managers/Editor/ACInstaller.cs:52)
AC.ACInstaller:.cctor () (at Assets/AdventureCreator/Scripts/Managers/Editor/ACInstaller.cs:31)
System.Runtime.CompilerServices.RuntimeHelpers:RunClassConstructor (System.RuntimeTypeHandle)
UnityEditor.EditorAssemblies:ProcessInitializeOnLoadAttributes (System.Type[]) (at /Users/bokken/buildslave/unity/build/Editor/Mono/EditorAssemblies.cs:134)

[Assets/AdventureCreator/Scripts/Managers/ACEditorPrefs.cs line 96]

UnityEngine.UnityException: Creating asset at path Assets/AdventureCreator/Editor/ACEditorPrefs.asset failed.
  at (wrapper managed-to-native) UnityEditor.AssetDatabase.CreateAsset(UnityEngine.Object,string)
  at AC.ACEditorPrefs.GetOrCreateSettings () [0x00115] in /Users/annagouliou/Desktop/TempleOfGods/TempleOfGods/Temple Of Gods/Assets/AdventureCreator/Scripts/Managers/ACEditorPrefs.cs:96 
  at AC.ACEditorPrefs.get_DisableInstaller () [0x00000] in /Users/annagouliou/Desktop/TempleOfGods/TempleOfGods/Temple Of Gods/Assets/AdventureCreator/Scripts/Managers/ACEditorPrefs.cs:334 
  at AC.ACInstaller.IsInstalled () [0x00000] in /Users/annagouliou/Desktop/TempleOfGods/TempleOfGods/Temple Of Gods/Assets/AdventureCreator/Scripts/Managers/Editor/ACInstaller.cs:37 
  at AC.ACInstaller.CheckInstall () [0x00000] in /Users/annagouliou/Desktop/TempleOfGods/TempleOfGods/Temple Of Gods/Assets/AdventureCreator/Scripts/Managers/Editor/ACInstaller.cs:52 
  at AC.ACInstaller..cctor () [0x00000] in /Users/annagouliou/Desktop/TempleOfGods/TempleOfGods/Temple Of Gods/Assets/AdventureCreator/Scripts/Managers/Editor/ACInstaller.cs:31 
UnityEngine.StackTraceUtility:ExtractStackTrace () (at /Users/bokken/buildslave/unity/build/Runtime/Export/Scripting/StackTrace.cs:37)
UnityEngine.DebugLogHandler:LogFormat (UnityEngine.LogType,UnityEngine.Object,string,object[])
UnityEngine.Logger:Log (UnityEngine.LogType,object)
UnityEngine.Debug:LogError (object)
UnityEditor.EditorAssemblies:ProcessInitializeOnLoadAttributes (System.Type[]) (at /Users/bokken/buildslave/unity/build/Editor/Mono/EditorAssemblies.cs:138)

(Filename: /Users/bokken/buildslave/unity/build/Editor/Mono/EditorAssemblies.cs Line: 138)

Mono: successfully reloaded assembly
- Completed reload, in  1.933 seconds
Domain Reload Profiling:
	ReloadAssembly (1933ms)
		BeginReloadAssembly (136ms)
			ExecutionOrderSort (0ms)
			DisableScriptedObjects (5ms)
			BackupInstance (0ms)
			ReleaseScriptingObjects (0ms)
			CreateAndSetChildDomain (79ms)
		EndReloadAssembly (1724ms)
			LoadAssemblies (78ms)
			RebuildTransferFunctionScriptingTraits (0ms)
			SetupTypeCache (489ms)
			ReleaseScriptCaches (1ms)
			RebuildScriptCaches (73ms)
			SetupLoadedEditorAssemblies (863ms)
				LogAssemblyErrors (0ms)
				InitializePlatformSupportModulesInManaged (5ms)
				SetLoadedEditorAssemblies (1ms)
				RefreshPlugins (1ms)
				BeforeProcessingInitializeOnLoad (131ms)
				ProcessInitializeOnLoadAttributes (715ms)
				ProcessInitializeOnLoadMethodAttributes (9ms)
				AfterProcessingInitializeOnLoad (1ms)
				EditorAssembliesLoaded (0ms)
			ExecutionOrderSort2 (0ms)
			AwakeInstancesAfterBackupRestoration (11ms)
Platform modules already initialized, skipping
Refreshing native plugins compatible for Editor in 1.33 ms, found 2 plugins.
Preloading 0 native plugins for Editor in 0.00 ms.
Unloading 3921 Unused Serialized files (Serialized files now loaded: 0)
System memory in use before: 356.1 MB.
System memory in use after: 354.8 MB.

Unloading 38 unused Assets to reduce memory usage. Loaded Objects now: 4570.
Total: 7.249756 ms (FindLiveObjects: 0.441330 ms CreateObjectMapping: 0.340602 ms MarkObjects: 4.756427 ms  DeleteObjects: 1.710513 ms)

AssetImportParameters requested are different than current active one (requested -> active):
  custom:video-decoder-ogg-theora: a1e56fd34408186e4bbccfd4996cb3dc -> 
  custom:container-muxer-webm: aa71ff27fc2769a1b78a27578f13a17b -> 
  custom:container-demuxer-webm: 4f35f7cbe854078d1ac9338744f61a02 -> 
  custom:container-demuxer-ogg: 62fdf1f143b41e24485cea50d1cbac27 -> 
  custom:video-encoder-webm-vp8: eb34c28f22e8b96e1ab97ce403110664 -> 
  custom:framework-osx-AVFoundation: b23960f63f64bdc6ff669e2cdcee2391 -> 
  custom:video-decoder-webm-vp8: 9c59270c3fd7afecdb556c50c9e8de78 -> 
  custom:audio-decoder-ogg-vorbis: bf7c407c2cedff20999df2af8eb42d56 -> 
  custom:audio-encoder-webm-vorbis: bf7c407c2cedff20999df2af8eb42d56 -> 
========================================================================
Received Prepare
Registering precompiled user dll's ...
Registered in 0.001877 seconds.
Begin MonoManager ReloadAssembly
Native extension for WindowsStandalone target not found
Native extension for OSXStandalone target not found
Native extension for WebGL target not found
Refreshing native plugins compatible for Editor in 0.73 ms, found 2 plugins.
Preloading 0 native plugins for Editor in 0.00 ms.
CreateSerializedAsset is not supported while importing out-of-process
UnityEngine.StackTraceUtility:ExtractStackTrace () (at /Users/bokken/buildslave/unity/build/Runtime/Export/Scripting/StackTrace.cs:37)
AC.ACEditorPrefs:GetOrCreateSettings () (at Assets/AdventureCreator/Scripts/Managers/ACEditorPrefs.cs:96)
AC.ACEditorPrefs:get_DisableInstaller () (at Assets/AdventureCreator/Scripts/Managers/ACEditorPrefs.cs:334)
AC.ACInstaller:IsInstalled () (at Assets/AdventureCreator/Scripts/Managers/Editor/ACInstaller.cs:37)
AC.ACInstaller:CheckInstall () (at Assets/AdventureCreator/Scripts/Managers/Editor/ACInstaller.cs:52)
AC.ACInstaller:.cctor () (at Assets/AdventureCreator/Scripts/Managers/Editor/ACInstaller.cs:31)
System.Runtime.CompilerServices.RuntimeHelpers:RunClassConstructor (System.RuntimeTypeHandle)
UnityEditor.EditorAssemblies:ProcessInitializeOnLoadAttributes (System.Type[]) (at /Users/bokken/buildslave/unity/build/Editor/Mono/EditorAssemblies.cs:134)

[Assets/AdventureCreator/Scripts/Managers/ACEditorPrefs.cs line 96]

UnityEngine.UnityException: Creating asset at path Assets/AdventureCreator/Editor/ACEditorPrefs.asset failed.
  at (wrapper managed-to-native) UnityEditor.AssetDatabase.CreateAsset(UnityEngine.Object,string)
  at AC.ACEditorPrefs.GetOrCreateSettings () [0x00115] in /Users/annagouliou/Desktop/TempleOfGods/TempleOfGods/Temple Of Gods/Assets/AdventureCreator/Scripts/Managers/ACEditorPrefs.cs:96 
  at AC.ACEditorPrefs.get_DisableInstaller () [0x00000] in /Users/annagouliou/Desktop/TempleOfGods/TempleOfGods/Temple Of Gods/Assets/AdventureCreator/Scripts/Managers/ACEditorPrefs.cs:334 
  at AC.ACInstaller.IsInstalled () [0x00000] in /Users/annagouliou/Desktop/TempleOfGods/TempleOfGods/Temple Of Gods/Assets/AdventureCreator/Scripts/Managers/Editor/ACInstaller.cs:37 
  at AC.ACInstaller.CheckInstall () [0x00000] in /Users/annagouliou/Desktop/TempleOfGods/TempleOfGods/Temple Of Gods/Assets/AdventureCreator/Scripts/Managers/Editor/ACInstaller.cs:52 
  at AC.ACInstaller..cctor () [0x00000] in /Users/annagouliou/Desktop/TempleOfGods/TempleOfGods/Temple Of Gods/Assets/AdventureCreator/Scripts/Managers/Editor/ACInstaller.cs:31 
UnityEngine.StackTraceUtility:ExtractStackTrace () (at /Users/bokken/buildslave/unity/build/Runtime/Export/Scripting/StackTrace.cs:37)
UnityEngine.DebugLogHandler:LogFormat (UnityEngine.LogType,UnityEngine.Object,string,object[])
UnityEngine.Logger:Log (UnityEngine.LogType,object)
UnityEngine.Debug:LogError (object)
UnityEditor.EditorAssemblies:ProcessInitializeOnLoadAttributes (System.Type[]) (at /Users/bokken/buildslave/unity/build/Editor/Mono/EditorAssemblies.cs:138)

(Filename: /Users/bokken/buildslave/unity/build/Editor/Mono/EditorAssemblies.cs Line: 138)

Mono: successfully reloaded assembly
- Completed reload, in  1.967 seconds
Domain Reload Profiling:
	ReloadAssembly (1967ms)
		BeginReloadAssembly (138ms)
			ExecutionOrderSort (0ms)
			DisableScriptedObjects (5ms)
			BackupInstance (0ms)
			ReleaseScriptingObjects (0ms)
			CreateAndSetChildDomain (79ms)
		EndReloadAssembly (1746ms)
			LoadAssemblies (81ms)
			RebuildTransferFunctionScriptingTraits (0ms)
			SetupTypeCache (472ms)
			ReleaseScriptCaches (1ms)
			RebuildScriptCaches (79ms)
			SetupLoadedEditorAssemblies (887ms)
				LogAssemblyErrors (0ms)
				InitializePlatformSupportModulesInManaged (5ms)
				SetLoadedEditorAssemblies (1ms)
				RefreshPlugins (1ms)
				BeforeProcessingInitializeOnLoad (135ms)
				ProcessInitializeOnLoadAttributes (735ms)
				ProcessInitializeOnLoadMethodAttributes (9ms)
				AfterProcessingInitializeOnLoad (1ms)
				EditorAssembliesLoaded (0ms)
			ExecutionOrderSort2 (0ms)
			AwakeInstancesAfterBackupRestoration (12ms)
Platform modules already initialized, skipping
Refreshing native plugins compatible for Editor in 0.81 ms, found 2 plugins.
Preloading 0 native plugins for Editor in 0.00 ms.
Unloading 3921 Unused Serialized files (Serialized files now loaded: 0)
System memory in use before: 356.4 MB.
System memory in use after: 355.0 MB.

Unloading 38 unused Assets to reduce memory usage. Loaded Objects now: 4574.
Total: 4.954791 ms (FindLiveObjects: 0.285763 ms CreateObjectMapping: 0.209005 ms MarkObjects: 3.482394 ms  DeleteObjects: 0.976523 ms)

AssetImportParameters requested are different than current active one (requested -> active):
  custom:video-decoder-ogg-theora: a1e56fd34408186e4bbccfd4996cb3dc -> 
  custom:container-muxer-webm: aa71ff27fc2769a1b78a27578f13a17b -> 
  custom:container-demuxer-webm: 4f35f7cbe854078d1ac9338744f61a02 -> 
  custom:container-demuxer-ogg: 62fdf1f143b41e24485cea50d1cbac27 -> 
  custom:video-encoder-webm-vp8: eb34c28f22e8b96e1ab97ce403110664 -> 
  custom:framework-osx-AVFoundation: b23960f63f64bdc6ff669e2cdcee2391 -> 
  custom:video-decoder-webm-vp8: 9c59270c3fd7afecdb556c50c9e8de78 -> 
  custom:audio-decoder-ogg-vorbis: bf7c407c2cedff20999df2af8eb42d56 -> 
  custom:audio-encoder-webm-vorbis: bf7c407c2cedff20999df2af8eb42d56 -> 
========================================================================
Received Prepare
Registering precompiled user dll's ...
Registered in 0.002236 seconds.
Begin MonoManager ReloadAssembly
Native extension for WindowsStandalone target not found
Native extension for OSXStandalone target not found
Native extension for WebGL target not found
Refreshing native plugins compatible for Editor in 0.77 ms, found 2 plugins.
Preloading 0 native plugins for Editor in 0.00 ms.
CreateSerializedAsset is not supported while importing out-of-process
UnityEngine.StackTraceUtility:ExtractStackTrace () (at /Users/bokken/buildslave/unity/build/Runtime/Export/Scripting/StackTrace.cs:37)
AC.ACEditorPrefs:GetOrCreateSettings () (at Assets/AdventureCreator/Scripts/Managers/ACEditorPrefs.cs:96)
AC.ACEditorPrefs:get_DisableInstaller () (at Assets/AdventureCreator/Scripts/Managers/ACEditorPrefs.cs:334)
AC.ACInstaller:IsInstalled () (at Assets/AdventureCreator/Scripts/Managers/Editor/ACInstaller.cs:37)
AC.ACInstaller:CheckInstall () (at Assets/AdventureCreator/Scripts/Managers/Editor/ACInstaller.cs:52)
AC.ACInstaller:.cctor () (at Assets/AdventureCreator/Scripts/Managers/Editor/ACInstaller.cs:31)
System.Runtime.CompilerServices.RuntimeHelpers:RunClassConstructor (System.RuntimeTypeHandle)
UnityEditor.EditorAssemblies:ProcessInitializeOnLoadAttributes (System.Type[]) (at /Users/bokken/buildslave/unity/build/Editor/Mono/EditorAssemblies.cs:134)

[Assets/AdventureCreator/Scripts/Managers/ACEditorPrefs.cs line 96]

UnityEngine.UnityException: Creating asset at path Assets/AdventureCreator/Editor/ACEditorPrefs.asset failed.
  at (wrapper managed-to-native) UnityEditor.AssetDatabase.CreateAsset(UnityEngine.Object,string)
  at AC.ACEditorPrefs.GetOrCreateSettings () [0x00115] in /Users/annagouliou/Desktop/TempleOfGods/TempleOfGods/Temple Of Gods/Assets/AdventureCreator/Scripts/Managers/ACEditorPrefs.cs:96 
  at AC.ACEditorPrefs.get_DisableInstaller () [0x00000] in /Users/annagouliou/Desktop/TempleOfGods/TempleOfGods/Temple Of Gods/Assets/AdventureCreator/Scripts/Managers/ACEditorPrefs.cs:334 
  at AC.ACInstaller.IsInstalled () [0x00000] in /Users/annagouliou/Desktop/TempleOfGods/TempleOfGods/Temple Of Gods/Assets/AdventureCreator/Scripts/Managers/Editor/ACInstaller.cs:37 
  at AC.ACInstaller.CheckInstall () [0x00000] in /Users/annagouliou/Desktop/TempleOfGods/TempleOfGods/Temple Of Gods/Assets/AdventureCreator/Scripts/Managers/Editor/ACInstaller.cs:52 
  at AC.ACInstaller..cctor () [0x00000] in /Users/annagouliou/Desktop/TempleOfGods/TempleOfGods/Temple Of Gods/Assets/AdventureCreator/Scripts/Managers/Editor/ACInstaller.cs:31 
UnityEngine.StackTraceUtility:ExtractStackTrace () (at /Users/bokken/buildslave/unity/build/Runtime/Export/Scripting/StackTrace.cs:37)
UnityEngine.DebugLogHandler:LogFormat (UnityEngine.LogType,UnityEngine.Object,string,object[])
UnityEngine.Logger:Log (UnityEngine.LogType,object)
UnityEngine.Debug:LogError (object)
UnityEditor.EditorAssemblies:ProcessInitializeOnLoadAttributes (System.Type[]) (at /Users/bokken/buildslave/unity/build/Editor/Mono/EditorAssemblies.cs:138)

(Filename: /Users/bokken/buildslave/unity/build/Editor/Mono/EditorAssemblies.cs Line: 138)

Mono: successfully reloaded assembly
- Completed reload, in  1.918 seconds
Domain Reload Profiling:
	ReloadAssembly (1919ms)
		BeginReloadAssembly (137ms)
			ExecutionOrderSort (0ms)
			DisableScriptedObjects (5ms)
			BackupInstance (0ms)
			ReleaseScriptingObjects (0ms)
			CreateAndSetChildDomain (80ms)
		EndReloadAssembly (1705ms)
			LoadAssemblies (77ms)
			RebuildTransferFunctionScriptingTraits (0ms)
			SetupTypeCache (482ms)
			ReleaseScriptCaches (1ms)
			RebuildScriptCaches (72ms)
			SetupLoadedEditorAssemblies (855ms)
				LogAssemblyErrors (0ms)
				InitializePlatformSupportModulesInManaged (5ms)
				SetLoadedEditorAssemblies (1ms)
				RefreshPlugins (1ms)
				BeforeProcessingInitializeOnLoad (131ms)
				ProcessInitializeOnLoadAttributes (707ms)
				ProcessInitializeOnLoadMethodAttributes (9ms)
				AfterProcessingInitializeOnLoad (1ms)
				EditorAssembliesLoaded (0ms)
			ExecutionOrderSort2 (0ms)
			AwakeInstancesAfterBackupRestoration (11ms)
Platform modules already initialized, skipping
Refreshing native plugins compatible for Editor in 1.19 ms, found 2 plugins.
Preloading 0 native plugins for Editor in 0.00 ms.
Unloading 3921 Unused Serialized files (Serialized files now loaded: 0)
System memory in use before: 356.7 MB.
System memory in use after: 355.3 MB.

Unloading 38 unused Assets to reduce memory usage. Loaded Objects now: 4578.
Total: 4.861183 ms (FindLiveObjects: 0.270307 ms CreateObjectMapping: 0.183031 ms MarkObjects: 3.258560 ms  DeleteObjects: 1.148486 ms)

AssetImportParameters requested are different than current active one (requested -> active):
  custom:video-decoder-ogg-theora: a1e56fd34408186e4bbccfd4996cb3dc -> 
  custom:container-muxer-webm: aa71ff27fc2769a1b78a27578f13a17b -> 
  custom:container-demuxer-webm: 4f35f7cbe854078d1ac9338744f61a02 -> 
  custom:container-demuxer-ogg: 62fdf1f143b41e24485cea50d1cbac27 -> 
  custom:video-encoder-webm-vp8: eb34c28f22e8b96e1ab97ce403110664 -> 
  custom:framework-osx-AVFoundation: b23960f63f64bdc6ff669e2cdcee2391 -> 
  custom:video-decoder-webm-vp8: 9c59270c3fd7afecdb556c50c9e8de78 -> 
  custom:audio-decoder-ogg-vorbis: bf7c407c2cedff20999df2af8eb42d56 -> 
  custom:audio-encoder-webm-vorbis: bf7c407c2cedff20999df2af8eb42d56 -> 
